Using pre-set license
Built from '2020.3/release' branch; Version is '2020.3.1f1 (77a89f25062f) revision 7841951'; Using compiler version '192528614'; Build Type 'Release'
OS: 'Windows 10 Home; OS build 19042.928; Version 2009; 64bit' Language: 'en' Physical Memory: 16322 MB
BatchMode: 1, IsHumanControllingUs: 0, StartBugReporterOnCrash: 0, Is64bit: 1, IsPro: 0

 COMMAND LINE ARGUMENTS:
D:\SpelD\Unity\Editor\2020.3.1f1\Editor\Unity.exe
-adb2
-batchMode
-noUpm
-name
AssetImportWorker0
-projectPath
D:/SpelD/Unity/Projects/2DPlatformers/Alchemy 2D
-logFile
Logs/AssetImportWorker0.log
-srvPort
61443
Successfully changed project path to: D:/SpelD/Unity/Projects/2DPlatformers/Alchemy 2D
D:/SpelD/Unity/Projects/2DPlatformers/Alchemy 2D
Using Asset Import Pipeline V2.
Refreshing native plugins compatible for Editor in 69.50 ms, found 1 plugins.
Preloading 0 native plugins for Editor in 0.00 ms.
Initialize engine version: 2020.3.1f1 (77a89f25062f)
[Subsystems] Discovering subsystems at path D:/SpelD/Unity/Editor/2020.3.1f1/Editor/Data/Resources/UnitySubsystems
[Subsystems] Discovering subsystems at path D:/SpelD/Unity/Projects/2DPlatformers/Alchemy 2D/Assets
GfxDevice: creating device client; threaded=0
Direct3D:
    Version:  Direct3D 11.0 [level 11.1]
    Renderer: NVIDIA GeForce GTX 980M (ID=0x1617)
    Vendor:   
    VRAM:     4053 MB
    Driver:   27.21.14.6140
Shader 'Universal Render Pipeline/Particles/Lit': fallback shader 'Universal Render Pipeline/Particles/SimpleLit' not found
Initialize mono
Mono path[0] = 'D:/SpelD/Unity/Editor/2020.3.1f1/Editor/Data/Managed'
Mono path[1] = 'D:/SpelD/Unity/Editor/2020.3.1f1/Editor/Data/MonoBleedingEdge/lib/mono/unityjit'
Mono config path = 'D:/SpelD/Unity/Editor/2020.3.1f1/Editor/Data/MonoBleedingEdge/etc'
Using monoOptions --debugger-agent=transport=dt_socket,embedding=1,server=y,suspend=n,address=127.0.0.1:56104
Begin MonoManager ReloadAssembly
Registering precompiled unity dll's ...
Register platform support module: D:/SpelD/Unity/Editor/2020.3.1f1/Editor/Data/PlaybackEngines/WebGLSupport/UnityEditor.WebGL.Extensions.dll
Register platform support module: D:/SpelD/Unity/Editor/2020.3.1f1/Editor/Data/PlaybackEngines/WindowsStandaloneSupport/UnityEditor.WindowsStandalone.Extensions.dll
Registered in 0.001913 seconds.
Native extension for WindowsStandalone target not found
Native extension for WebGL target not found
Refreshing native plugins compatible for Editor in 69.34 ms, found 1 plugins.
Preloading 0 native plugins for Editor in 0.00 ms.
Invoked RoslynAnalysisRunner static constructor.
RoslynAnalysisRunner will not be running.
RoslynAnalysisRunner has terminated.
Mono: successfully reloaded assembly
- Completed reload, in  1.696 seconds
Platform modules already initialized, skipping
Registering precompiled user dll's ...
Registered in 0.001917 seconds.
Begin MonoManager ReloadAssembly
Native extension for WindowsStandalone target not found
Native extension for WebGL target not found
Refreshing native plugins compatible for Editor in 74.39 ms, found 1 plugins.
Preloading 0 native plugins for Editor in 0.00 ms.
Invoked RoslynAnalysisRunner static constructor.
RoslynAnalysisRunner will not be running.
RoslynAnalysisRunner has terminated.
Mono: successfully reloaded assembly
- Completed reload, in  1.355 seconds
Platform modules already initialized, skipping
========================================================================
Worker process is ready to serve import requests
Shader 'Universal Render Pipeline/Particles/Lit': fallback shader 'Universal Render Pipeline/Particles/SimpleLit' not found
Launched and connected shader compiler UnityShaderCompiler.exe after 0.06 seconds
Refreshing native plugins compatible for Editor in 0.61 ms, found 1 plugins.
Preloading 0 native plugins for Editor in 0.00 ms.
Unloading 3095 Unused Serialized files (Serialized files now loaded: 0)
System memory in use before: 133.0 MB.
System memory in use after: 133.1 MB.

Unloading 26 unused Assets to reduce memory usage. Loaded Objects now: 3535.
Total: 4.785300 ms (FindLiveObjects: 0.511100 ms CreateObjectMapping: 0.248700 ms MarkObjects: 3.750700 ms  DeleteObjects: 0.273000 ms)

========================================================================
Received Import Request.
  path: Assets/Sprites/Hills.psb
  artifactKey: Guid(76899545e092f054baac1211617b33b7) Importer(815301076,1909f56bfc062723c751e8b465ee728b)
Start importing Assets/Sprites/Hills.psb using Guid(76899545e092f054baac1211617b33b7) Importer(815301076,1909f56bfc062723c751e8b465ee728b)  -> (artifact id: 'a75c350884f5b440ecfce45d5a34d1d4') in 0.412641 seconds
  Import took 0.419318 seconds .

========================================================================
Received Import Request.
  Time since last request: 6.670962 seconds.
  path: Assets/Sprites/Hills.psb
  artifactKey: Guid(76899545e092f054baac1211617b33b7) Importer(815301076,1909f56bfc062723c751e8b465ee728b)
Start importing Assets/Sprites/Hills.psb using Guid(76899545e092f054baac1211617b33b7) Importer(815301076,1909f56bfc062723c751e8b465ee728b)  -> (artifact id: '19d24fc3d50f27ca293104c600b439b2') in 0.059616 seconds
  Import took 0.066001 seconds .

========================================================================
Received Import Request.
  Time since last request: 0.132052 seconds.
  path: Assets/Sprites/Hills.psb
  artifactKey: Guid(76899545e092f054baac1211617b33b7) Importer(815301076,1909f56bfc062723c751e8b465ee728b)
Start importing Assets/Sprites/Hills.psb using Guid(76899545e092f054baac1211617b33b7) Importer(815301076,1909f56bfc062723c751e8b465ee728b)  -> (artifact id: '19d24fc3d50f27ca293104c600b439b2') in 0.064200 seconds
  Import took 0.071255 seconds .

========================================================================
Received Import Request.
  Time since last request: 60.498666 seconds.
  path: Assets/Sprites/CaveWall.psb
  artifactKey: Guid(e5b793002fc6cb64bbf6568c94211aa1) Importer(815301076,1909f56bfc062723c751e8b465ee728b)
Start importing Assets/Sprites/CaveWall.psb using Guid(e5b793002fc6cb64bbf6568c94211aa1) Importer(815301076,1909f56bfc062723c751e8b465ee728b)  -> (artifact id: '4c1ceb3e0d5eead56ce280c91443edf0') in 0.042786 seconds
  Import took 0.050289 seconds .

========================================================================
Received Import Request.
  Time since last request: 23.170787 seconds.
  path: Assets/Sprites/CaveWall.psb
  artifactKey: Guid(e5b793002fc6cb64bbf6568c94211aa1) Importer(815301076,1909f56bfc062723c751e8b465ee728b)
Start importing Assets/Sprites/CaveWall.psb using Guid(e5b793002fc6cb64bbf6568c94211aa1) Importer(815301076,1909f56bfc062723c751e8b465ee728b)  -> (artifact id: '7e0c570b82e7db7c04e96c2ed4b3e982') in 0.041058 seconds
  Import took 0.048103 seconds .

========================================================================
Received Import Request.
  Time since last request: 39.787053 seconds.
  path: Assets/Sprites/CaveWall.psb
  artifactKey: Guid(e5b793002fc6cb64bbf6568c94211aa1) Importer(815301076,1909f56bfc062723c751e8b465ee728b)
Start importing Assets/Sprites/CaveWall.psb using Guid(e5b793002fc6cb64bbf6568c94211aa1) Importer(815301076,1909f56bfc062723c751e8b465ee728b)  -> (artifact id: '5b7f533f9dddedab265728d2519acde5') in 0.040960 seconds
  Import took 0.048308 seconds .

========================================================================
Received Import Request.
  Time since last request: 12.627348 seconds.
  path: Assets/Sprites/CaveWall.psb
  artifactKey: Guid(e5b793002fc6cb64bbf6568c94211aa1) Importer(815301076,1909f56bfc062723c751e8b465ee728b)
Start importing Assets/Sprites/CaveWall.psb using Guid(e5b793002fc6cb64bbf6568c94211aa1) Importer(815301076,1909f56bfc062723c751e8b465ee728b)  -> (artifact id: '94c6f8953e1c6a05d432ef904b0a03e5') in 0.039829 seconds
  Import took 0.053863 seconds .

========================================================================
Received Import Request.
  Time since last request: 18.054890 seconds.
  path: Assets/Sprites/CaveWall.psb
  artifactKey: Guid(e5b793002fc6cb64bbf6568c94211aa1) Importer(815301076,1909f56bfc062723c751e8b465ee728b)
Start importing Assets/Sprites/CaveWall.psb using Guid(e5b793002fc6cb64bbf6568c94211aa1) Importer(815301076,1909f56bfc062723c751e8b465ee728b)  -> (artifact id: '73c859f9339313d2d0a462bee2165c39') in 0.037815 seconds
  Import took 0.045108 seconds .

========================================================================
Received Import Request.
  Time since last request: 69.873390 seconds.
  path: Assets/Sprites/Hills.psb
  artifactKey: Guid(76899545e092f054baac1211617b33b7) Importer(815301076,1909f56bfc062723c751e8b465ee728b)
Start importing Assets/Sprites/Hills.psb using Guid(76899545e092f054baac1211617b33b7) Importer(815301076,1909f56bfc062723c751e8b465ee728b)  -> (artifact id: 'a71bebb716f7e18c4f6673124728cc1f') in 0.039873 seconds
  Import took 0.047191 seconds .

========================================================================
Received Import Request.
  Time since last request: 0.001478 seconds.
  path: Assets/Sprites/Hills.psb
  artifactKey: Guid(76899545e092f054baac1211617b33b7) Importer(815301076,1909f56bfc062723c751e8b465ee728b)
Start importing Assets/Sprites/Hills.psb using Guid(76899545e092f054baac1211617b33b7) Importer(815301076,1909f56bfc062723c751e8b465ee728b)  -> (artifact id: 'a71bebb716f7e18c4f6673124728cc1f') in 0.036382 seconds
  Import took 0.043852 seconds .

========================================================================
Received Import Request.
  Time since last request: 12.587171 seconds.
  path: Assets/Sprites/Hills.psb
  artifactKey: Guid(76899545e092f054baac1211617b33b7) Importer(815301076,1909f56bfc062723c751e8b465ee728b)
Start importing Assets/Sprites/Hills.psb using Guid(76899545e092f054baac1211617b33b7) Importer(815301076,1909f56bfc062723c751e8b465ee728b)  -> (artifact id: '53a2e1ec83f9fe8526c6975e945d88b8') in 0.042109 seconds
  Import took 0.049412 seconds .

========================================================================
Received Import Request.
  Time since last request: 252.304540 seconds.
  path: Assets/Sprites/Hills.psb
  artifactKey: Guid(76899545e092f054baac1211617b33b7) Importer(815301076,1909f56bfc062723c751e8b465ee728b)
Start importing Assets/Sprites/Hills.psb using Guid(76899545e092f054baac1211617b33b7) Importer(815301076,1909f56bfc062723c751e8b465ee728b)  -> (artifact id: '81af754d2759ff9adc80d5b3cdd6374a') in 0.049103 seconds
  Import took 0.057156 seconds .

========================================================================
Received Import Request.
  Time since last request: 98.361604 seconds.
  path: Assets/Sprites/Hills.psb
  artifactKey: Guid(76899545e092f054baac1211617b33b7) Importer(815301076,1909f56bfc062723c751e8b465ee728b)
Start importing Assets/Sprites/Hills.psb using Guid(76899545e092f054baac1211617b33b7) Importer(815301076,1909f56bfc062723c751e8b465ee728b)  -> (artifact id: 'a9df91428d0496966676abea0f6bdfc4') in 0.040110 seconds
  Import took 0.050011 seconds .

========================================================================
Received Import Request.
  Time since last request: 1427.366305 seconds.
  path: Assets/Sprites/Hills.psb
  artifactKey: Guid(76899545e092f054baac1211617b33b7) Importer(815301076,1909f56bfc062723c751e8b465ee728b)
Start importing Assets/Sprites/Hills.psb using Guid(76899545e092f054baac1211617b33b7) Importer(815301076,1909f56bfc062723c751e8b465ee728b)  -> (artifact id: 'c341d5db7a0993b2ff678aee87231834') in 0.043622 seconds
  Import took 0.051756 seconds .

========================================================================
Received Import Request.
  Time since last request: 40.649195 seconds.
  path: Assets/Sprites/Hills.psb
  artifactKey: Guid(76899545e092f054baac1211617b33b7) Importer(815301076,1909f56bfc062723c751e8b465ee728b)
Start importing Assets/Sprites/Hills.psb using Guid(76899545e092f054baac1211617b33b7) Importer(815301076,1909f56bfc062723c751e8b465ee728b)  -> (artifact id: '81bf944da1bdf194039e2ddc8b46d877') in 0.034424 seconds
  Import took 0.042669 seconds .

========================================================================
Received Import Request.
  Time since last request: 0.007078 seconds.
  path: Assets/Sprites/Hills.psb
  artifactKey: Guid(76899545e092f054baac1211617b33b7) Importer(815301076,1909f56bfc062723c751e8b465ee728b)
Start importing Assets/Sprites/Hills.psb using Guid(76899545e092f054baac1211617b33b7) Importer(815301076,1909f56bfc062723c751e8b465ee728b)  -> (artifact id: '81bf944da1bdf194039e2ddc8b46d877') in 0.027290 seconds
  Import took 0.033281 seconds .

========================================================================
Received Import Request.
  Time since last request: 342.916857 seconds.
  path: Assets/Sprites/Hills.psb
  artifactKey: Guid(76899545e092f054baac1211617b33b7) Importer(815301076,1909f56bfc062723c751e8b465ee728b)
Start importing Assets/Sprites/Hills.psb using Guid(76899545e092f054baac1211617b33b7) Importer(815301076,1909f56bfc062723c751e8b465ee728b)  -> (artifact id: '8592a9c804fb9be6e7a9f059aed69734') in 0.055456 seconds
  Import took 0.063336 seconds .

========================================================================
Received Import Request.
  Time since last request: 0.010173 seconds.
  path: Assets/Sprites/Hills.psb
  artifactKey: Guid(76899545e092f054baac1211617b33b7) Importer(815301076,1909f56bfc062723c751e8b465ee728b)
Start importing Assets/Sprites/Hills.psb using Guid(76899545e092f054baac1211617b33b7) Importer(815301076,1909f56bfc062723c751e8b465ee728b)  -> (artifact id: '8592a9c804fb9be6e7a9f059aed69734') in 0.044951 seconds
  Import took 0.054166 seconds .

========================================================================
Received Prepare
Registering precompiled user dll's ...
Registered in 0.001986 seconds.
Begin MonoManager ReloadAssembly
Native extension for WindowsStandalone target not found
Native extension for WebGL target not found
Refreshing native plugins compatible for Editor in 0.58 ms, found 1 plugins.
Preloading 0 native plugins for Editor in 0.00 ms.
Invoked RoslynAnalysisRunner static constructor.
RoslynAnalysisRunner will not be running.
RoslynAnalysisRunner has terminated.
Mono: successfully reloaded assembly
- Completed reload, in  1.236 seconds
Platform modules already initialized, skipping
Shader 'Universal Render Pipeline/Particles/Lit': fallback shader 'Universal Render Pipeline/Particles/SimpleLit' not found
Refreshing native plugins compatible for Editor in 0.59 ms, found 1 plugins.
Preloading 0 native plugins for Editor in 0.00 ms.
Unloading 2984 Unused Serialized files (Serialized files now loaded: 0)
System memory in use before: 132.3 MB.
System memory in use after: 132.4 MB.

Unloading 14 unused Assets to reduce memory usage. Loaded Objects now: 3605.
Total: 3.434100 ms (FindLiveObjects: 0.336200 ms CreateObjectMapping: 0.175200 ms MarkObjects: 2.727900 ms  DeleteObjects: 0.193500 ms)

========================================================================
Received Prepare
Registering precompiled user dll's ...
Registered in 0.002719 seconds.
Begin MonoManager ReloadAssembly
Native extension for WindowsStandalone target not found
Native extension for WebGL target not found
Refreshing native plugins compatible for Editor in 0.57 ms, found 1 plugins.
Preloading 0 native plugins for Editor in 0.00 ms.
Invoked RoslynAnalysisRunner static constructor.
RoslynAnalysisRunner will not be running.
RoslynAnalysisRunner has terminated.
Mono: successfully reloaded assembly
- Completed reload, in  1.188 seconds
Platform modules already initialized, skipping
Shader 'Universal Render Pipeline/Particles/Lit': fallback shader 'Universal Render Pipeline/Particles/SimpleLit' not found
Refreshing native plugins compatible for Editor in 0.57 ms, found 1 plugins.
Preloading 0 native plugins for Editor in 0.00 ms.
Unloading 2984 Unused Serialized files (Serialized files now loaded: 0)
System memory in use before: 132.4 MB.
System memory in use after: 132.5 MB.

Unloading 14 unused Assets to reduce memory usage. Loaded Objects now: 3609.
Total: 4.347700 ms (FindLiveObjects: 0.523700 ms CreateObjectMapping: 0.313900 ms MarkObjects: 3.319600 ms  DeleteObjects: 0.189400 ms)

========================================================================
Received Prepare
Registering precompiled user dll's ...
Registered in 0.001936 seconds.
Begin MonoManager ReloadAssembly
Native extension for WindowsStandalone target not found
Native extension for WebGL target not found
Refreshing native plugins compatible for Editor in 0.59 ms, found 1 plugins.
Preloading 0 native plugins for Editor in 0.00 ms.
Invoked RoslynAnalysisRunner static constructor.
RoslynAnalysisRunner will not be running.
RoslynAnalysisRunner has terminated.
Mono: successfully reloaded assembly
- Completed reload, in  1.239 seconds
Platform modules already initialized, skipping
Shader 'Universal Render Pipeline/Particles/Lit': fallback shader 'Universal Render Pipeline/Particles/SimpleLit' not found
Refreshing native plugins compatible for Editor in 0.59 ms, found 1 plugins.
Preloading 0 native plugins for Editor in 0.00 ms.
Unloading 2984 Unused Serialized files (Serialized files now loaded: 0)
System memory in use before: 132.4 MB.
System memory in use after: 132.5 MB.

Unloading 14 unused Assets to reduce memory usage. Loaded Objects now: 3613.
Total: 4.454300 ms (FindLiveObjects: 0.603600 ms CreateObjectMapping: 0.326500 ms MarkObjects: 3.327200 ms  DeleteObjects: 0.195700 ms)

========================================================================
Received Prepare
Registering precompiled user dll's ...
Registered in 0.001825 seconds.
Begin MonoManager ReloadAssembly
Native extension for WindowsStandalone target not found
Native extension for WebGL target not found
Refreshing native plugins compatible for Editor in 0.58 ms, found 1 plugins.
Preloading 0 native plugins for Editor in 0.00 ms.
Invoked RoslynAnalysisRunner static constructor.
RoslynAnalysisRunner will not be running.
RoslynAnalysisRunner has terminated.
Mono: successfully reloaded assembly
- Completed reload, in  1.264 seconds
Platform modules already initialized, skipping
Shader 'Universal Render Pipeline/Particles/Lit': fallback shader 'Universal Render Pipeline/Particles/SimpleLit' not found
Refreshing native plugins compatible for Editor in 0.67 ms, found 1 plugins.
Preloading 0 native plugins for Editor in 0.00 ms.
Unloading 2984 Unused Serialized files (Serialized files now loaded: 0)
System memory in use before: 132.4 MB.
System memory in use after: 132.5 MB.

Unloading 14 unused Assets to reduce memory usage. Loaded Objects now: 3617.
Total: 5.075700 ms (FindLiveObjects: 0.421200 ms CreateObjectMapping: 0.340700 ms MarkObjects: 4.165700 ms  DeleteObjects: 0.146600 ms)

========================================================================
Received Prepare
Registering precompiled user dll's ...
Registered in 0.002175 seconds.
Begin MonoManager ReloadAssembly
Native extension for WindowsStandalone target not found
Native extension for WebGL target not found
Refreshing native plugins compatible for Editor in 0.70 ms, found 1 plugins.
Preloading 0 native plugins for Editor in 0.00 ms.
Invoked RoslynAnalysisRunner static constructor.
RoslynAnalysisRunner will not be running.
RoslynAnalysisRunner has terminated.
Mono: successfully reloaded assembly
- Completed reload, in  1.241 seconds
Platform modules already initialized, skipping
Shader 'Universal Render Pipeline/Particles/Lit': fallback shader 'Universal Render Pipeline/Particles/SimpleLit' not found
Refreshing native plugins compatible for Editor in 0.61 ms, found 1 plugins.
Preloading 0 native plugins for Editor in 0.00 ms.
Unloading 2984 Unused Serialized files (Serialized files now loaded: 0)
System memory in use before: 132.4 MB.
System memory in use after: 132.6 MB.

Unloading 14 unused Assets to reduce memory usage. Loaded Objects now: 3621.
Total: 3.624200 ms (FindLiveObjects: 0.374000 ms CreateObjectMapping: 0.222200 ms MarkObjects: 2.837600 ms  DeleteObjects: 0.189200 ms)

========================================================================
Received Prepare
Registering precompiled user dll's ...
Registered in 0.001842 seconds.
Begin MonoManager ReloadAssembly
Native extension for WindowsStandalone target not found
Native extension for WebGL target not found
Refreshing native plugins compatible for Editor in 0.58 ms, found 1 plugins.
Preloading 0 native plugins for Editor in 0.00 ms.
Invoked RoslynAnalysisRunner static constructor.
RoslynAnalysisRunner will not be running.
RoslynAnalysisRunner has terminated.
Mono: successfully reloaded assembly
- Completed reload, in  1.234 seconds
Platform modules already initialized, skipping
Shader 'Universal Render Pipeline/Particles/Lit': fallback shader 'Universal Render Pipeline/Particles/SimpleLit' not found
Refreshing native plugins compatible for Editor in 0.58 ms, found 1 plugins.
Preloading 0 native plugins for Editor in 0.00 ms.
Unloading 2984 Unused Serialized files (Serialized files now loaded: 0)
System memory in use before: 132.5 MB.
System memory in use after: 132.6 MB.

Unloading 14 unused Assets to reduce memory usage. Loaded Objects now: 3625.
Total: 3.519000 ms (FindLiveObjects: 0.409300 ms CreateObjectMapping: 0.236100 ms MarkObjects: 2.732100 ms  DeleteObjects: 0.140100 ms)

========================================================================
Received Prepare
Registering precompiled user dll's ...
Registered in 0.002539 seconds.
Begin MonoManager ReloadAssembly
Native extension for WindowsStandalone target not found
Native extension for WebGL target not found
Refreshing native plugins compatible for Editor in 0.76 ms, found 1 plugins.
Preloading 0 native plugins for Editor in 0.00 ms.
Invoked RoslynAnalysisRunner static constructor.
RoslynAnalysisRunner will not be running.
RoslynAnalysisRunner has terminated.
Mono: successfully reloaded assembly
- Completed reload, in  1.321 seconds
Platform modules already initialized, skipping
Shader 'Universal Render Pipeline/Particles/Lit': fallback shader 'Universal Render Pipeline/Particles/SimpleLit' not found
Refreshing native plugins compatible for Editor in 0.62 ms, found 1 plugins.
Preloading 0 native plugins for Editor in 0.00 ms.
Unloading 2984 Unused Serialized files (Serialized files now loaded: 0)
System memory in use before: 132.5 MB.
System memory in use after: 132.6 MB.

Unloading 14 unused Assets to reduce memory usage. Loaded Objects now: 3629.
Total: 3.662900 ms (FindLiveObjects: 0.386400 ms CreateObjectMapping: 0.222600 ms MarkObjects: 2.885500 ms  DeleteObjects: 0.167000 ms)

========================================================================
Received Prepare
Registering precompiled user dll's ...
Registered in 0.002334 seconds.
Begin MonoManager ReloadAssembly
Native extension for WindowsStandalone target not found
Native extension for WebGL target not found
Refreshing native plugins compatible for Editor in 0.81 ms, found 1 plugins.
Preloading 0 native plugins for Editor in 0.00 ms.
Invoked RoslynAnalysisRunner static constructor.
RoslynAnalysisRunner will not be running.
RoslynAnalysisRunner has terminated.
Mono: successfully reloaded assembly
- Completed reload, in  1.437 seconds
Platform modules already initialized, skipping
Shader 'Universal Render Pipeline/Particles/Lit': fallback shader 'Universal Render Pipeline/Particles/SimpleLit' not found
Refreshing native plugins compatible for Editor in 0.59 ms, found 1 plugins.
Preloading 0 native plugins for Editor in 0.00 ms.
Unloading 2984 Unused Serialized files (Serialized files now loaded: 0)
System memory in use before: 132.5 MB.
System memory in use after: 132.6 MB.

Unloading 14 unused Assets to reduce memory usage. Loaded Objects now: 3633.
Total: 5.074100 ms (FindLiveObjects: 0.387800 ms CreateObjectMapping: 0.216100 ms MarkObjects: 4.242600 ms  DeleteObjects: 0.226000 ms)

========================================================================
Received Import Request.
  Time since last request: 3025.571622 seconds.
  path: ProjectSettings/TagManager.asset
  artifactKey: Guid(00000000000000003000000000000000) Importer(815301076,1909f56bfc062723c751e8b465ee728b)
Start importing ProjectSettings/TagManager.asset using Guid(00000000000000003000000000000000) Importer(815301076,1909f56bfc062723c751e8b465ee728b)  -> (artifact id: 'b050238ce75d770f97fb3028faeec4cd') in 0.036284 seconds
  Import took 0.043613 seconds .

========================================================================
Received Prepare
Registering precompiled user dll's ...
Registered in 0.001896 seconds.
Begin MonoManager ReloadAssembly
Native extension for WindowsStandalone target not found
Native extension for WebGL target not found
Refreshing native plugins compatible for Editor in 0.55 ms, found 1 plugins.
Preloading 0 native plugins for Editor in 0.00 ms.
Invoked RoslynAnalysisRunner static constructor.
RoslynAnalysisRunner will not be running.
RoslynAnalysisRunner has terminated.
Mono: successfully reloaded assembly
- Completed reload, in  1.267 seconds
Platform modules already initialized, skipping
Shader 'Universal Render Pipeline/Particles/Lit': fallback shader 'Universal Render Pipeline/Particles/SimpleLit' not found
Refreshing native plugins compatible for Editor in 0.87 ms, found 1 plugins.
Preloading 0 native plugins for Editor in 0.00 ms.
Unloading 2984 Unused Serialized files (Serialized files now loaded: 0)
System memory in use before: 132.5 MB.
System memory in use after: 132.6 MB.

Unloading 15 unused Assets to reduce memory usage. Loaded Objects now: 3637.
Total: 5.355700 ms (FindLiveObjects: 0.675300 ms CreateObjectMapping: 0.282000 ms MarkObjects: 4.145800 ms  DeleteObjects: 0.250500 ms)

========================================================================
Received Prepare
Registering precompiled user dll's ...
Registered in 0.002157 seconds.
Begin MonoManager ReloadAssembly
Native extension for WindowsStandalone target not found
Native extension for WebGL target not found
Refreshing native plugins compatible for Editor in 0.66 ms, found 1 plugins.
Preloading 0 native plugins for Editor in 0.00 ms.
Invoked RoslynAnalysisRunner static constructor.
RoslynAnalysisRunner will not be running.
RoslynAnalysisRunner has terminated.
Mono: successfully reloaded assembly
- Completed reload, in  1.193 seconds
Platform modules already initialized, skipping
Shader 'Universal Render Pipeline/Particles/Lit': fallback shader 'Universal Render Pipeline/Particles/SimpleLit' not found
Refreshing native plugins compatible for Editor in 0.56 ms, found 1 plugins.
Preloading 0 native plugins for Editor in 0.00 ms.
Unloading 2984 Unused Serialized files (Serialized files now loaded: 0)
System memory in use before: 132.5 MB.
System memory in use after: 132.6 MB.

Unloading 14 unused Assets to reduce memory usage. Loaded Objects now: 3641.
Total: 3.741800 ms (FindLiveObjects: 0.465700 ms CreateObjectMapping: 0.202400 ms MarkObjects: 2.869200 ms  DeleteObjects: 0.203500 ms)

========================================================================
Received Import Request.
  Time since last request: 2100.645406 seconds.
  path: Assets/Sprites/TreeBackground.psb
  artifactKey: Guid(d8d5e81530c6d964aac528051234efdb) Importer(815301076,1909f56bfc062723c751e8b465ee728b)
Start importing Assets/Sprites/TreeBackground.psb using Guid(d8d5e81530c6d964aac528051234efdb) Importer(815301076,1909f56bfc062723c751e8b465ee728b)  -> (artifact id: '58439455baf1616276a85ffbd7bd410c') in 0.298577 seconds
  Import took 0.308341 seconds .

========================================================================
Received Import Request.
  Time since last request: 122.358904 seconds.
  path: Assets/Sprites/TreeBackground.psb
  artifactKey: Guid(d8d5e81530c6d964aac528051234efdb) Importer(815301076,1909f56bfc062723c751e8b465ee728b)
Start importing Assets/Sprites/TreeBackground.psb using Guid(d8d5e81530c6d964aac528051234efdb) Importer(815301076,1909f56bfc062723c751e8b465ee728b)  -> (artifact id: '18d94b6f4778c15d7c9e28d97569965e') in 0.059764 seconds
  Import took 0.072654 seconds .

========================================================================
Received Import Request.
  Time since last request: 3109.816241 seconds.
  path: Assets/Sprites/PlatformsBackground.psb
  artifactKey: Guid(52b5d200b099aa74eb7edcb7278abdf0) Importer(815301076,1909f56bfc062723c751e8b465ee728b)
Start importing Assets/Sprites/PlatformsBackground.psb using Guid(52b5d200b099aa74eb7edcb7278abdf0) Importer(815301076,1909f56bfc062723c751e8b465ee728b)  -> (artifact id: 'bdb78d71d68ab3f29df6fcf5a08f28ed') in 0.144923 seconds
  Import took 0.151526 seconds .

========================================================================
Received Import Request.
  Time since last request: 140.451277 seconds.
  path: Assets/Sprites/PlatformsBackground.psb
  artifactKey: Guid(52b5d200b099aa74eb7edcb7278abdf0) Importer(815301076,1909f56bfc062723c751e8b465ee728b)
Start importing Assets/Sprites/PlatformsBackground.psb using Guid(52b5d200b099aa74eb7edcb7278abdf0) Importer(815301076,1909f56bfc062723c751e8b465ee728b)  -> (artifact id: '083a0b2343a510fcd1f926492241035e') in 0.103885 seconds
  Import took 0.112538 seconds .

========================================================================
Received Prepare
Registering precompiled user dll's ...
Registered in 0.002090 seconds.
Begin MonoManager ReloadAssembly
Native extension for WindowsStandalone target not found
Native extension for WebGL target not found
Refreshing native plugins compatible for Editor in 0.58 ms, found 1 plugins.
Preloading 0 native plugins for Editor in 0.00 ms.
Invoked RoslynAnalysisRunner static constructor.
RoslynAnalysisRunner will not be running.
RoslynAnalysisRunner has terminated.
Mono: successfully reloaded assembly
- Completed reload, in  1.403 seconds
Platform modules already initialized, skipping
Shader 'Universal Render Pipeline/Particles/Lit': fallback shader 'Universal Render Pipeline/Particles/SimpleLit' not found
Refreshing native plugins compatible for Editor in 0.55 ms, found 1 plugins.
Preloading 0 native plugins for Editor in 0.00 ms.
Unloading 2984 Unused Serialized files (Serialized files now loaded: 0)
System memory in use before: 132.7 MB.
System memory in use after: 132.8 MB.

Unloading 14 unused Assets to reduce memory usage. Loaded Objects now: 3709.
Total: 4.106500 ms (FindLiveObjects: 0.518300 ms CreateObjectMapping: 0.383400 ms MarkObjects: 3.033400 ms  DeleteObjects: 0.169800 ms)

========================================================================
Received Import Request.
  Time since last request: 2240.037595 seconds.
  path: Assets/Sprites/CaveWallBigParts.psb
  artifactKey: Guid(e1ecb705d5a3b944da4c87142c63df7f) Importer(815301076,1909f56bfc062723c751e8b465ee728b)
Start importing Assets/Sprites/CaveWallBigParts.psb using Guid(e1ecb705d5a3b944da4c87142c63df7f) Importer(815301076,1909f56bfc062723c751e8b465ee728b)  -> (artifact id: '4126dd2e721145f082a05adb9f3c0c7a') in 0.293457 seconds
  Import took 0.302281 seconds .

========================================================================
Received Import Request.
  Time since last request: 11.008327 seconds.
  path: Assets/Sprites/CaveWallBigParts.psb
  artifactKey: Guid(e1ecb705d5a3b944da4c87142c63df7f) Importer(815301076,1909f56bfc062723c751e8b465ee728b)
Start importing Assets/Sprites/CaveWallBigParts.psb using Guid(e1ecb705d5a3b944da4c87142c63df7f) Importer(815301076,1909f56bfc062723c751e8b465ee728b)  -> (artifact id: '5dd9e81cfc20fb00a7a6273316618786') in 0.054840 seconds
  Import took 0.060855 seconds .

========================================================================
Received Prepare
Registering precompiled user dll's ...
Registered in 0.001938 seconds.
Begin MonoManager ReloadAssembly
Native extension for WindowsStandalone target not found
Native extension for WebGL target not found
Refreshing native plugins compatible for Editor in 0.56 ms, found 1 plugins.
Preloading 0 native plugins for Editor in 0.00 ms.
Invoked RoslynAnalysisRunner static constructor.
RoslynAnalysisRunner will not be running.
RoslynAnalysisRunner has terminated.
Mono: successfully reloaded assembly
- Completed reload, in  1.316 seconds
Platform modules already initialized, skipping
Shader 'Universal Render Pipeline/Particles/Lit': fallback shader 'Universal Render Pipeline/Particles/SimpleLit' not found
Refreshing native plugins compatible for Editor in 0.78 ms, found 1 plugins.
Preloading 0 native plugins for Editor in 0.00 ms.
Unloading 2984 Unused Serialized files (Serialized files now loaded: 0)
System memory in use before: 132.8 MB.
System memory in use after: 132.9 MB.

Unloading 14 unused Assets to reduce memory usage. Loaded Objects now: 3753.
Total: 4.897700 ms (FindLiveObjects: 0.418400 ms CreateObjectMapping: 0.278000 ms MarkObjects: 4.012000 ms  DeleteObjects: 0.187400 ms)

========================================================================
Received Prepare
Registering precompiled user dll's ...
Registered in 0.002239 seconds.
Begin MonoManager ReloadAssembly
Native extension for WindowsStandalone target not found
Native extension for WebGL target not found
Refreshing native plugins compatible for Editor in 0.62 ms, found 1 plugins.
Preloading 0 native plugins for Editor in 0.00 ms.
Invoked RoslynAnalysisRunner static constructor.
RoslynAnalysisRunner will not be running.
RoslynAnalysisRunner has terminated.
Mono: successfully reloaded assembly
- Completed reload, in  1.269 seconds
Platform modules already initialized, skipping
Shader 'Universal Render Pipeline/Particles/Lit': fallback shader 'Universal Render Pipeline/Particles/SimpleLit' not found
Refreshing native plugins compatible for Editor in 1.02 ms, found 1 plugins.
Preloading 0 native plugins for Editor in 0.00 ms.
Unloading 2984 Unused Serialized files (Serialized files now loaded: 0)
System memory in use before: 132.8 MB.
System memory in use after: 132.9 MB.

Unloading 14 unused Assets to reduce memory usage. Loaded Objects now: 3757.
Total: 4.707800 ms (FindLiveObjects: 0.489400 ms CreateObjectMapping: 0.256000 ms MarkObjects: 3.787100 ms  DeleteObjects: 0.173700 ms)

========================================================================
Received Prepare
Registering precompiled user dll's ...
Registered in 0.001921 seconds.
Begin MonoManager ReloadAssembly
Native extension for WindowsStandalone target not found
Native extension for WebGL target not found
Refreshing native plugins compatible for Editor in 0.68 ms, found 1 plugins.
Preloading 0 native plugins for Editor in 0.00 ms.
Invoked RoslynAnalysisRunner static constructor.
RoslynAnalysisRunner will not be running.
RoslynAnalysisRunner has terminated.
Mono: successfully reloaded assembly
- Completed reload, in  1.250 seconds
Platform modules already initialized, skipping
Shader 'Universal Render Pipeline/Particles/Lit': fallback shader 'Universal Render Pipeline/Particles/SimpleLit' not found
Refreshing native plugins compatible for Editor in 0.58 ms, found 1 plugins.
Preloading 0 native plugins for Editor in 0.00 ms.
Unloading 2984 Unused Serialized files (Serialized files now loaded: 0)
System memory in use before: 132.8 MB.
System memory in use after: 132.9 MB.

Unloading 14 unused Assets to reduce memory usage. Loaded Objects now: 3761.
Total: 4.284800 ms (FindLiveObjects: 0.569400 ms CreateObjectMapping: 0.525300 ms MarkObjects: 3.001300 ms  DeleteObjects: 0.187100 ms)

========================================================================
Received Prepare
Registering precompiled user dll's ...
Registered in 0.001874 seconds.
Begin MonoManager ReloadAssembly
Native extension for WindowsStandalone target not found
Native extension for WebGL target not found
Refreshing native plugins compatible for Editor in 0.55 ms, found 1 plugins.
Preloading 0 native plugins for Editor in 0.00 ms.
Invoked RoslynAnalysisRunner static constructor.
RoslynAnalysisRunner will not be running.
RoslynAnalysisRunner has terminated.
Mono: successfully reloaded assembly
- Completed reload, in  1.213 seconds
Platform modules already initialized, skipping
Shader 'Universal Render Pipeline/Particles/Lit': fallback shader 'Universal Render Pipeline/Particles/SimpleLit' not found
Refreshing native plugins compatible for Editor in 0.61 ms, found 1 plugins.
Preloading 0 native plugins for Editor in 0.00 ms.
Unloading 2984 Unused Serialized files (Serialized files now loaded: 0)
System memory in use before: 132.8 MB.
System memory in use after: 133.0 MB.

Unloading 14 unused Assets to reduce memory usage. Loaded Objects now: 3765.
Total: 4.347900 ms (FindLiveObjects: 0.752100 ms CreateObjectMapping: 0.424800 ms MarkObjects: 2.959100 ms  DeleteObjects: 0.210400 ms)

========================================================================
Received Import Request.
  Time since last request: 2102.003088 seconds.
  path: Assets/Sprites/CaveWallBigParts.psb
  artifactKey: Guid(e1ecb705d5a3b944da4c87142c63df7f) Importer(815301076,1909f56bfc062723c751e8b465ee728b)
Start importing Assets/Sprites/CaveWallBigParts.psb using Guid(e1ecb705d5a3b944da4c87142c63df7f) Importer(815301076,1909f56bfc062723c751e8b465ee728b)  -> (artifact id: '7ba81157b08d4397ccf0512f9f39e743') in 0.282127 seconds
  Import took 0.289604 seconds .

========================================================================
Received Prepare
Registering precompiled user dll's ...
Registered in 0.002130 seconds.
Begin MonoManager ReloadAssembly
Native extension for WindowsStandalone target not found
Native extension for WebGL target not found
Refreshing native plugins compatible for Editor in 0.55 ms, found 1 plugins.
Preloading 0 native plugins for Editor in 0.00 ms.
Invoked RoslynAnalysisRunner static constructor.
RoslynAnalysisRunner will not be running.
RoslynAnalysisRunner has terminated.
Mono: successfully reloaded assembly
- Completed reload, in  1.302 seconds
Platform modules already initialized, skipping
Shader 'Universal Render Pipeline/Particles/Lit': fallback shader 'Universal Render Pipeline/Particles/SimpleLit' not found
Refreshing native plugins compatible for Editor in 0.57 ms, found 1 plugins.
Preloading 0 native plugins for Editor in 0.00 ms.
Unloading 2984 Unused Serialized files (Serialized files now loaded: 0)
System memory in use before: 133.0 MB.
System memory in use after: 133.1 MB.

Unloading 14 unused Assets to reduce memory usage. Loaded Objects now: 3805.
Total: 3.954100 ms (FindLiveObjects: 0.473500 ms CreateObjectMapping: 0.325000 ms MarkObjects: 2.988300 ms  DeleteObjects: 0.166000 ms)

========================================================================
Received Prepare
Registering precompiled user dll's ...
Registered in 0.002425 seconds.
Begin MonoManager ReloadAssembly
Native extension for WindowsStandalone target not found
Native extension for WebGL target not found
Refreshing native plugins compatible for Editor in 0.62 ms, found 1 plugins.
Preloading 0 native plugins for Editor in 0.00 ms.
Invoked RoslynAnalysisRunner static constructor.
RoslynAnalysisRunner will not be running.
RoslynAnalysisRunner has terminated.
Mono: successfully reloaded assembly
- Completed reload, in  1.250 seconds
Platform modules already initialized, skipping
Shader 'Universal Render Pipeline/Particles/Lit': fallback shader 'Universal Render Pipeline/Particles/SimpleLit' not found
Refreshing native plugins compatible for Editor in 0.55 ms, found 1 plugins.
Preloading 0 native plugins for Editor in 0.00 ms.
Unloading 2984 Unused Serialized files (Serialized files now loaded: 0)
System memory in use before: 133.0 MB.
System memory in use after: 133.1 MB.

Unloading 14 unused Assets to reduce memory usage. Loaded Objects now: 3809.
Total: 3.832600 ms (FindLiveObjects: 0.437400 ms CreateObjectMapping: 0.198400 ms MarkObjects: 2.986900 ms  DeleteObjects: 0.208600 ms)

========================================================================
Received Import Request.
  Time since last request: 658.285746 seconds.
  path: Assets/Sprites/CaveWall.psb
  artifactKey: Guid(e5b793002fc6cb64bbf6568c94211aa1) Importer(815301076,1909f56bfc062723c751e8b465ee728b)
Start importing Assets/Sprites/CaveWall.psb using Guid(e5b793002fc6cb64bbf6568c94211aa1) Importer(815301076,1909f56bfc062723c751e8b465ee728b)  -> (artifact id: 'dbd347cff90c69d5b43b3ac55faac111') in 0.259848 seconds
  Import took 0.299312 seconds .

========================================================================
Received Import Request.
  Time since last request: 31.530180 seconds.
  path: Assets/Sprites/CaveWall.psb
  artifactKey: Guid(e5b793002fc6cb64bbf6568c94211aa1) Importer(815301076,1909f56bfc062723c751e8b465ee728b)
Start importing Assets/Sprites/CaveWall.psb using Guid(e5b793002fc6cb64bbf6568c94211aa1) Importer(815301076,1909f56bfc062723c751e8b465ee728b)  -> (artifact id: '60122a84ed110864d230d56a613dd80d') in 0.048291 seconds
  Import took 0.056627 seconds .

========================================================================
Received Import Request.
  Time since last request: 193.372554 seconds.
  path: Assets/Sprites/CaveWall.psb
  artifactKey: Guid(e5b793002fc6cb64bbf6568c94211aa1) Importer(815301076,1909f56bfc062723c751e8b465ee728b)
Start importing Assets/Sprites/CaveWall.psb using Guid(e5b793002fc6cb64bbf6568c94211aa1) Importer(815301076,1909f56bfc062723c751e8b465ee728b)  -> (artifact id: 'f092cb08e9f01051ee63eb5256d04dcc') in 0.054873 seconds
  Import took 0.062052 seconds .

========================================================================
Received Import Request.
  Time since last request: 50.641854 seconds.
  path: Assets/Sprites/CaveWallBig1024.psb
  artifactKey: Guid(17a3b596c416cce4abb5d110f2c3a7b9) Importer(815301076,1909f56bfc062723c751e8b465ee728b)
Start importing Assets/Sprites/CaveWallBig1024.psb using Guid(17a3b596c416cce4abb5d110f2c3a7b9) Importer(815301076,1909f56bfc062723c751e8b465ee728b)  -> (artifact id: 'b7f7285dfd4d87a29c00d9e097efd0c7') in 0.032737 seconds
  Import took 0.039715 seconds .

========================================================================
Received Import Request.
  Time since last request: 0.000638 seconds.
  path: Assets/Sprites/CaveWallBig1024.psb
  artifactKey: Guid(17a3b596c416cce4abb5d110f2c3a7b9) Importer(815301076,1909f56bfc062723c751e8b465ee728b)
Start importing Assets/Sprites/CaveWallBig1024.psb using Guid(17a3b596c416cce4abb5d110f2c3a7b9) Importer(815301076,1909f56bfc062723c751e8b465ee728b)  -> (artifact id: 'b7f7285dfd4d87a29c00d9e097efd0c7') in 0.028671 seconds
  Import took 0.035410 seconds .

========================================================================
Received Import Request.
  Time since last request: 45.260656 seconds.
  path: Assets/Sprites/CaveWallBig1024.psb
  artifactKey: Guid(17a3b596c416cce4abb5d110f2c3a7b9) Importer(815301076,1909f56bfc062723c751e8b465ee728b)
Start importing Assets/Sprites/CaveWallBig1024.psb using Guid(17a3b596c416cce4abb5d110f2c3a7b9) Importer(815301076,1909f56bfc062723c751e8b465ee728b)  -> (artifact id: 'da441e2771c74a9efc83941def154f04') in 0.020613 seconds
  Import took 0.027294 seconds .

========================================================================
Received Import Request.
  Time since last request: 0.007041 seconds.
  path: Assets/Sprites/CaveWallBig1024.psb
  artifactKey: Guid(17a3b596c416cce4abb5d110f2c3a7b9) Importer(815301076,1909f56bfc062723c751e8b465ee728b)
Start importing Assets/Sprites/CaveWallBig1024.psb using Guid(17a3b596c416cce4abb5d110f2c3a7b9) Importer(815301076,1909f56bfc062723c751e8b465ee728b)  -> (artifact id: 'da441e2771c74a9efc83941def154f04') in 0.022519 seconds
  Import took 0.030200 seconds .

========================================================================
Received Import Request.
  Time since last request: 87.824577 seconds.
  path: Assets/Sprites/CaveWallBig1024.psb
  artifactKey: Guid(17a3b596c416cce4abb5d110f2c3a7b9) Importer(815301076,1909f56bfc062723c751e8b465ee728b)
Start importing Assets/Sprites/CaveWallBig1024.psb using Guid(17a3b596c416cce4abb5d110f2c3a7b9) Importer(815301076,1909f56bfc062723c751e8b465ee728b)  -> (artifact id: 'b453d809fad3f978051db87ea3d41338') in 0.020762 seconds
  Import took 0.027961 seconds .

========================================================================
Received Import Request.
  Time since last request: 381.943138 seconds.
  path: Assets/Sprites/Particles.psb
  artifactKey: Guid(11cb7097fbbb2cc42972b9defbd1db97) Importer(815301076,1909f56bfc062723c751e8b465ee728b)
Start importing Assets/Sprites/Particles.psb using Guid(11cb7097fbbb2cc42972b9defbd1db97) Importer(815301076,1909f56bfc062723c751e8b465ee728b)  -> (artifact id: '07c9783ea575e83eb781143dd1a4bb62') in 0.049473 seconds
  Import took 0.058252 seconds .

========================================================================
Received Prepare
Registering precompiled user dll's ...
Registered in 0.002070 seconds.
Begin MonoManager ReloadAssembly
Native extension for WindowsStandalone target not found
Native extension for WebGL target not found
Refreshing native plugins compatible for Editor in 0.55 ms, found 1 plugins.
Preloading 0 native plugins for Editor in 0.00 ms.
Invoked RoslynAnalysisRunner static constructor.
RoslynAnalysisRunner will not be running.
RoslynAnalysisRunner has terminated.
Mono: successfully reloaded assembly
- Completed reload, in  1.403 seconds
Platform modules already initialized, skipping
Shader 'Universal Render Pipeline/Particles/Lit': fallback shader 'Universal Render Pipeline/Particles/SimpleLit' not found
Refreshing native plugins compatible for Editor in 0.62 ms, found 1 plugins.
Preloading 0 native plugins for Editor in 0.00 ms.
Unloading 2984 Unused Serialized files (Serialized files now loaded: 0)
System memory in use before: 133.1 MB.
System memory in use after: 133.2 MB.

Unloading 14 unused Assets to reduce memory usage. Loaded Objects now: 3849.
Total: 3.599900 ms (FindLiveObjects: 0.455300 ms CreateObjectMapping: 0.186900 ms MarkObjects: 2.781100 ms  DeleteObjects: 0.175500 ms)

========================================================================
Received Import Request.
  Time since last request: 289.433097 seconds.
  path: Assets/Sprites/Particles.psb
  artifactKey: Guid(11cb7097fbbb2cc42972b9defbd1db97) Importer(815301076,1909f56bfc062723c751e8b465ee728b)
Start importing Assets/Sprites/Particles.psb using Guid(11cb7097fbbb2cc42972b9defbd1db97) Importer(815301076,1909f56bfc062723c751e8b465ee728b)  -> (artifact id: 'cf29a067e9263e19a84fe07395fa6fd2') in 0.274411 seconds
  Import took 0.281559 seconds .

========================================================================
Received Prepare
Registering precompiled user dll's ...
Registered in 0.003028 seconds.
Begin MonoManager ReloadAssembly
Native extension for WindowsStandalone target not found
Native extension for WebGL target not found
Refreshing native plugins compatible for Editor in 0.90 ms, found 1 plugins.
Preloading 0 native plugins for Editor in 0.00 ms.
Invoked RoslynAnalysisRunner static constructor.
RoslynAnalysisRunner will not be running.
RoslynAnalysisRunner has terminated.
Mono: successfully reloaded assembly
- Completed reload, in  1.432 seconds
Platform modules already initialized, skipping
Shader 'Universal Render Pipeline/Particles/Lit': fallback shader 'Universal Render Pipeline/Particles/SimpleLit' not found
Refreshing native plugins compatible for Editor in 1.21 ms, found 1 plugins.
Preloading 0 native plugins for Editor in 0.00 ms.
Unloading 2984 Unused Serialized files (Serialized files now loaded: 0)
System memory in use before: 133.2 MB.
System memory in use after: 133.3 MB.

Unloading 14 unused Assets to reduce memory usage. Loaded Objects now: 3891.
Total: 5.286000 ms (FindLiveObjects: 0.680000 ms CreateObjectMapping: 0.348500 ms MarkObjects: 4.082800 ms  DeleteObjects: 0.172200 ms)

========================================================================
Received Import Request.
  Time since last request: 80.586372 seconds.
  path: Assets/Sprites/Particles.psb
  artifactKey: Guid(11cb7097fbbb2cc42972b9defbd1db97) Importer(815301076,1909f56bfc062723c751e8b465ee728b)
Start importing Assets/Sprites/Particles.psb using Guid(11cb7097fbbb2cc42972b9defbd1db97) Importer(815301076,1909f56bfc062723c751e8b465ee728b)  -> (artifact id: '55707379920b5b6f40519018742c12ac') in 0.272446 seconds
  Import took 0.279097 seconds .

========================================================================
Received Prepare
Registering precompiled user dll's ...
Registered in 0.002125 seconds.
Begin MonoManager ReloadAssembly
Native extension for WindowsStandalone target not found
Native extension for WebGL target not found
Refreshing native plugins compatible for Editor in 0.57 ms, found 1 plugins.
Preloading 0 native plugins for Editor in 0.00 ms.
Invoked RoslynAnalysisRunner static constructor.
RoslynAnalysisRunner will not be running.
RoslynAnalysisRunner has terminated.
Mono: successfully reloaded assembly
- Completed reload, in  1.229 seconds
Platform modules already initialized, skipping
Shader 'Universal Render Pipeline/Particles/Lit': fallback shader 'Universal Render Pipeline/Particles/SimpleLit' not found
Refreshing native plugins compatible for Editor in 0.63 ms, found 1 plugins.
Preloading 0 native plugins for Editor in 0.00 ms.
Unloading 2984 Unused Serialized files (Serialized files now loaded: 0)
System memory in use before: 133.3 MB.
System memory in use after: 133.4 MB.

Unloading 14 unused Assets to reduce memory usage. Loaded Objects now: 3931.
Total: 4.343100 ms (FindLiveObjects: 0.741500 ms CreateObjectMapping: 0.267800 ms MarkObjects: 3.109100 ms  DeleteObjects: 0.223800 ms)

========================================================================
Received Prepare
Registering precompiled user dll's ...
Registered in 0.002300 seconds.
Begin MonoManager ReloadAssembly
Native extension for WindowsStandalone target not found
Native extension for WebGL target not found
Refreshing native plugins compatible for Editor in 0.86 ms, found 1 plugins.
Preloading 0 native plugins for Editor in 0.00 ms.
Invoked RoslynAnalysisRunner static constructor.
RoslynAnalysisRunner will not be running.
RoslynAnalysisRunner has terminated.
Mono: successfully reloaded assembly
- Completed reload, in  1.402 seconds
Platform modules already initialized, skipping
Shader 'Universal Render Pipeline/Particles/Lit': fallback shader 'Universal Render Pipeline/Particles/SimpleLit' not found
Refreshing native plugins compatible for Editor in 0.72 ms, found 1 plugins.
Preloading 0 native plugins for Editor in 0.00 ms.
Unloading 2984 Unused Serialized files (Serialized files now loaded: 0)
System memory in use before: 133.3 MB.
System memory in use after: 133.4 MB.

Unloading 14 unused Assets to reduce memory usage. Loaded Objects now: 3935.
Total: 5.329500 ms (FindLiveObjects: 0.450500 ms CreateObjectMapping: 0.310400 ms MarkObjects: 4.429300 ms  DeleteObjects: 0.137800 ms)

========================================================================
Received Prepare
Registering precompiled user dll's ...
Registered in 0.002061 seconds.
Begin MonoManager ReloadAssembly
Native extension for WindowsStandalone target not found
Native extension for WebGL target not found
Refreshing native plugins compatible for Editor in 0.56 ms, found 1 plugins.
Preloading 0 native plugins for Editor in 0.00 ms.
Invoked RoslynAnalysisRunner static constructor.
RoslynAnalysisRunner will not be running.
RoslynAnalysisRunner has terminated.
Mono: successfully reloaded assembly
- Completed reload, in  1.232 seconds
Platform modules already initialized, skipping
Shader 'Universal Render Pipeline/Particles/Lit': fallback shader 'Universal Render Pipeline/Particles/SimpleLit' not found
Refreshing native plugins compatible for Editor in 0.65 ms, found 1 plugins.
Preloading 0 native plugins for Editor in 0.00 ms.
Unloading 2984 Unused Serialized files (Serialized files now loaded: 0)
System memory in use before: 133.3 MB.
System memory in use after: 133.4 MB.

Unloading 14 unused Assets to reduce memory usage. Loaded Objects now: 3939.
Total: 5.416900 ms (FindLiveObjects: 0.584300 ms CreateObjectMapping: 0.370000 ms MarkObjects: 4.236300 ms  DeleteObjects: 0.223900 ms)

========================================================================
Received Prepare
Registering precompiled user dll's ...
Registered in 0.002101 seconds.
Begin MonoManager ReloadAssembly
Native extension for WindowsStandalone target not found
Native extension for WebGL target not found
Refreshing native plugins compatible for Editor in 0.57 ms, found 1 plugins.
Preloading 0 native plugins for Editor in 0.00 ms.
Invoked RoslynAnalysisRunner static constructor.
RoslynAnalysisRunner will not be running.
RoslynAnalysisRunner has terminated.
Mono: successfully reloaded assembly
- Completed reload, in  1.254 seconds
Platform modules already initialized, skipping
Shader 'Universal Render Pipeline/Particles/Lit': fallback shader 'Universal Render Pipeline/Particles/SimpleLit' not found
Refreshing native plugins compatible for Editor in 0.59 ms, found 1 plugins.
Preloading 0 native plugins for Editor in 0.00 ms.
Unloading 2984 Unused Serialized files (Serialized files now loaded: 0)
System memory in use before: 133.3 MB.
System memory in use after: 133.5 MB.

Unloading 14 unused Assets to reduce memory usage. Loaded Objects now: 3943.
Total: 3.256900 ms (FindLiveObjects: 0.391000 ms CreateObjectMapping: 0.203600 ms MarkObjects: 2.523100 ms  DeleteObjects: 0.138300 ms)

========================================================================
Received Prepare
Registering precompiled user dll's ...
Registered in 0.002006 seconds.
Begin MonoManager ReloadAssembly
Native extension for WindowsStandalone target not found
Native extension for WebGL target not found
Refreshing native plugins compatible for Editor in 0.58 ms, found 1 plugins.
Preloading 0 native plugins for Editor in 0.00 ms.
Invoked RoslynAnalysisRunner static constructor.
RoslynAnalysisRunner will not be running.
RoslynAnalysisRunner has terminated.
Mono: successfully reloaded assembly
- Completed reload, in  1.227 seconds
Platform modules already initialized, skipping
Shader 'Universal Render Pipeline/Particles/Lit': fallback shader 'Universal Render Pipeline/Particles/SimpleLit' not found
Refreshing native plugins compatible for Editor in 0.60 ms, found 1 plugins.
Preloading 0 native plugins for Editor in 0.00 ms.
Unloading 2984 Unused Serialized files (Serialized files now loaded: 0)
System memory in use before: 133.3 MB.
System memory in use after: 133.5 MB.

Unloading 14 unused Assets to reduce memory usage. Loaded Objects now: 3947.
Total: 4.241700 ms (FindLiveObjects: 0.427600 ms CreateObjectMapping: 0.216500 ms MarkObjects: 3.439000 ms  DeleteObjects: 0.157400 ms)

========================================================================
Received Prepare
Registering precompiled user dll's ...
Registered in 0.001985 seconds.
Begin MonoManager ReloadAssembly
Native extension for WindowsStandalone target not found
Native extension for WebGL target not found
Refreshing native plugins compatible for Editor in 0.57 ms, found 1 plugins.
Preloading 0 native plugins for Editor in 0.00 ms.
Invoked RoslynAnalysisRunner static constructor.
RoslynAnalysisRunner will not be running.
RoslynAnalysisRunner has terminated.
Mono: successfully reloaded assembly
- Completed reload, in  1.231 seconds
Platform modules already initialized, skipping
Shader 'Universal Render Pipeline/Particles/Lit': fallback shader 'Universal Render Pipeline/Particles/SimpleLit' not found
Refreshing native plugins compatible for Editor in 0.59 ms, found 1 plugins.
Preloading 0 native plugins for Editor in 0.00 ms.
Unloading 2984 Unused Serialized files (Serialized files now loaded: 0)
System memory in use before: 133.4 MB.
System memory in use after: 133.5 MB.

Unloading 14 unused Assets to reduce memory usage. Loaded Objects now: 3951.
Total: 4.977500 ms (FindLiveObjects: 0.501500 ms CreateObjectMapping: 0.321000 ms MarkObjects: 3.949800 ms  DeleteObjects: 0.188200 ms)

========================================================================
Received Prepare
Registering precompiled user dll's ...
Registered in 0.001975 seconds.
Begin MonoManager ReloadAssembly
Native extension for WindowsStandalone target not found
Native extension for WebGL target not found
Refreshing native plugins compatible for Editor in 0.59 ms, found 1 plugins.
Preloading 0 native plugins for Editor in 0.00 ms.
Invoked RoslynAnalysisRunner static constructor.
RoslynAnalysisRunner will not be running.
RoslynAnalysisRunner has terminated.
Mono: successfully reloaded assembly
- Completed reload, in  1.251 seconds
Platform modules already initialized, skipping
Shader 'Universal Render Pipeline/Particles/Lit': fallback shader 'Universal Render Pipeline/Particles/SimpleLit' not found
Refreshing native plugins compatible for Editor in 0.66 ms, found 1 plugins.
Preloading 0 native plugins for Editor in 0.00 ms.
Unloading 2984 Unused Serialized files (Serialized files now loaded: 0)
System memory in use before: 133.4 MB.
System memory in use after: 133.5 MB.

Unloading 14 unused Assets to reduce memory usage. Loaded Objects now: 3955.
Total: 3.914700 ms (FindLiveObjects: 0.469600 ms CreateObjectMapping: 0.211500 ms MarkObjects: 3.052000 ms  DeleteObjects: 0.180200 ms)

========================================================================
Received Prepare
Registering precompiled user dll's ...
Registered in 0.001943 seconds.
Begin MonoManager ReloadAssembly
Native extension for WindowsStandalone target not found
Native extension for WebGL target not found
Refreshing native plugins compatible for Editor in 0.57 ms, found 1 plugins.
Preloading 0 native plugins for Editor in 0.00 ms.
Invoked RoslynAnalysisRunner static constructor.
RoslynAnalysisRunner will not be running.
RoslynAnalysisRunner has terminated.
Mono: successfully reloaded assembly
- Completed reload, in  1.249 seconds
Platform modules already initialized, skipping
Shader 'Universal Render Pipeline/Particles/Lit': fallback shader 'Universal Render Pipeline/Particles/SimpleLit' not found
Refreshing native plugins compatible for Editor in 0.88 ms, found 1 plugins.
Preloading 0 native plugins for Editor in 0.00 ms.
Unloading 2984 Unused Serialized files (Serialized files now loaded: 0)
System memory in use before: 133.4 MB.
System memory in use after: 133.5 MB.

Unloading 14 unused Assets to reduce memory usage. Loaded Objects now: 3959.
Total: 7.494400 ms (FindLiveObjects: 0.657200 ms CreateObjectMapping: 1.415300 ms MarkObjects: 5.207100 ms  DeleteObjects: 0.201200 ms)

========================================================================
Received Prepare
Registering precompiled user dll's ...
Registered in 0.001955 seconds.
Begin MonoManager ReloadAssembly
Native extension for WindowsStandalone target not found
Native extension for WebGL target not found
Refreshing native plugins compatible for Editor in 0.60 ms, found 1 plugins.
Preloading 0 native plugins for Editor in 0.00 ms.
Invoked RoslynAnalysisRunner static constructor.
RoslynAnalysisRunner will not be running.
RoslynAnalysisRunner has terminated.
Mono: successfully reloaded assembly
- Completed reload, in  1.241 seconds
Platform modules already initialized, skipping
Shader 'Universal Render Pipeline/Particles/Lit': fallback shader 'Universal Render Pipeline/Particles/SimpleLit' not found
Refreshing native plugins compatible for Editor in 0.61 ms, found 1 plugins.
Preloading 0 native plugins for Editor in 0.00 ms.
Unloading 2984 Unused Serialized files (Serialized files now loaded: 0)
System memory in use before: 133.4 MB.
System memory in use after: 133.5 MB.

Unloading 14 unused Assets to reduce memory usage. Loaded Objects now: 3963.
Total: 3.952400 ms (FindLiveObjects: 0.435100 ms CreateObjectMapping: 0.245900 ms MarkObjects: 3.073500 ms  DeleteObjects: 0.196500 ms)

========================================================================
Received Prepare
Registering precompiled user dll's ...
Registered in 0.002594 seconds.
Begin MonoManager ReloadAssembly
Native extension for WindowsStandalone target not found
Native extension for WebGL target not found
Refreshing native plugins compatible for Editor in 0.56 ms, found 1 plugins.
Preloading 0 native plugins for Editor in 0.00 ms.
Invoked RoslynAnalysisRunner static constructor.
RoslynAnalysisRunner will not be running.
RoslynAnalysisRunner has terminated.
Mono: successfully reloaded assembly
- Completed reload, in  1.377 seconds
Platform modules already initialized, skipping
Shader 'Universal Render Pipeline/Particles/Lit': fallback shader 'Universal Render Pipeline/Particles/SimpleLit' not found
Refreshing native plugins compatible for Editor in 0.56 ms, found 1 plugins.
Preloading 0 native plugins for Editor in 0.00 ms.
Unloading 2984 Unused Serialized files (Serialized files now loaded: 0)
System memory in use before: 133.4 MB.
System memory in use after: 133.5 MB.

Unloading 14 unused Assets to reduce memory usage. Loaded Objects now: 3967.
Total: 5.162900 ms (FindLiveObjects: 0.500600 ms CreateObjectMapping: 0.199700 ms MarkObjects: 4.293300 ms  DeleteObjects: 0.167900 ms)

========================================================================
Received Prepare
Registering precompiled user dll's ...
Registered in 0.011579 seconds.
Begin MonoManager ReloadAssembly
Native extension for WindowsStandalone target not found
Native extension for WebGL target not found
Refreshing native plugins compatible for Editor in 0.61 ms, found 1 plugins.
Preloading 0 native plugins for Editor in 0.00 ms.
[ScriptCompilation] NOT recompiling all scripts because this is an import worker process. Reason to compile was: Define symbols changed
Invoked RoslynAnalysisRunner static constructor.
RoslynAnalysisRunner will not be running.
RoslynAnalysisRunner has terminated.
Mono: successfully reloaded assembly
- Completed reload, in  1.200 seconds
Platform modules already initialized, skipping
Shader 'Universal Render Pipeline/Particles/Lit': fallback shader 'Universal Render Pipeline/Particles/SimpleLit' not found
Refreshing native plugins compatible for Editor in 0.63 ms, found 1 plugins.
Preloading 0 native plugins for Editor in 0.00 ms.
Unloading 3104 Unused Serialized files (Serialized files now loaded: 0)
System memory in use before: 140.2 MB.
System memory in use after: 138.6 MB.

Unloading 41 unused Assets to reduce memory usage. Loaded Objects now: 4064.
Total: 5.006000 ms (FindLiveObjects: 0.938900 ms CreateObjectMapping: 0.231600 ms MarkObjects: 2.993500 ms  DeleteObjects: 0.840800 ms)

========================================================================
Received Import Request.
  Time since last request: 7355.681525 seconds.
  path: Assets/PP Profile.asset
  artifactKey: Guid(d7a6c9526fcd5e64380bc92d3f578065) Importer(815301076,1909f56bfc062723c751e8b465ee728b)
Start importing Assets/PP Profile.asset using Guid(d7a6c9526fcd5e64380bc92d3f578065) Importer(815301076,1909f56bfc062723c751e8b465ee728b)  -> (artifact id: '4903e4dbcff097bbc114def7efe69959') in 0.025838 seconds
  Import took 0.034340 seconds .

========================================================================
Received Import Request.
  Time since last request: 37.429369 seconds.
  path: ProjectSettings/TagManager.asset
  artifactKey: Guid(00000000000000003000000000000000) Importer(815301076,1909f56bfc062723c751e8b465ee728b)
Start importing ProjectSettings/TagManager.asset using Guid(00000000000000003000000000000000) Importer(815301076,1909f56bfc062723c751e8b465ee728b)  -> (artifact id: '856a0eaee71b4cdc1e4ed1ba01fbcccb') in 0.008651 seconds
  Import took 0.014770 seconds .

========================================================================
Received Import Request.
  Time since last request: 96.486629 seconds.
  path: Assets/PP Profile.asset
  artifactKey: Guid(d7a6c9526fcd5e64380bc92d3f578065) Importer(815301076,1909f56bfc062723c751e8b465ee728b)
Start importing Assets/PP Profile.asset using Guid(d7a6c9526fcd5e64380bc92d3f578065) Importer(815301076,1909f56bfc062723c751e8b465ee728b)  -> (artifact id: 'e1ee163c2097a2003ab84b3a4721d31c') in 0.009114 seconds
  Import took 0.017366 seconds .

========================================================================
Received Prepare
Registering precompiled user dll's ...
Registered in 0.002754 seconds.
Begin MonoManager ReloadAssembly
Native extension for WindowsStandalone target not found
Native extension for WebGL target not found
Refreshing native plugins compatible for Editor in 0.58 ms, found 1 plugins.
Preloading 0 native plugins for Editor in 0.00 ms.
Invoked RoslynAnalysisRunner static constructor.
RoslynAnalysisRunner will not be running.
RoslynAnalysisRunner has terminated.
Mono: successfully reloaded assembly
- Completed reload, in  1.194 seconds
Platform modules already initialized, skipping
Shader 'Universal Render Pipeline/Particles/Lit': fallback shader 'Universal Render Pipeline/Particles/SimpleLit' not found
Refreshing native plugins compatible for Editor in 0.61 ms, found 1 plugins.
Preloading 0 native plugins for Editor in 0.00 ms.
Unloading 3104 Unused Serialized files (Serialized files now loaded: 0)
System memory in use before: 140.3 MB.
System memory in use after: 138.6 MB.

Unloading 42 unused Assets to reduce memory usage. Loaded Objects now: 4068.
Total: 4.424900 ms (FindLiveObjects: 0.398600 ms CreateObjectMapping: 0.200900 ms MarkObjects: 2.969800 ms  DeleteObjects: 0.854200 ms)

========================================================================
Received Import Request.
  Time since last request: 793.568905 seconds.
  path: Assets/Materials/Glow.mat
  artifactKey: Guid(d8946b43be71faa40b8eb30ce6ea3393) Importer(815301076,1909f56bfc062723c751e8b465ee728b)
Start importing Assets/Materials/Glow.mat using Guid(d8946b43be71faa40b8eb30ce6ea3393) Importer(815301076,1909f56bfc062723c751e8b465ee728b)  -> (artifact id: 'ba933ffec7f7fbe2f1aae0c8b5f4ae05') in 0.197407 seconds
  Import took 0.203508 seconds .

AssetImportWorkerClient::OnTransportError - code=2 error=End of file
