Using pre-set license
Built from '2020.3/release' branch; Version is '2020.3.1f1 (77a89f25062f) revision 7841951'; Using compiler version '192528614'; Build Type 'Release'
OS: 'Windows 10 Home; OS build 19042.928; Version 2009; 64bit' Language: 'en' Physical Memory: 16322 MB
BatchMode: 1, IsHumanControllingUs: 0, StartBugReporterOnCrash: 0, Is64bit: 1, IsPro: 0

 COMMAND LINE ARGUMENTS:
D:\SpelD\Unity\Editor\2020.3.1f1\Editor\Unity.exe
-adb2
-batchMode
-noUpm
-name
AssetImportWorker1
-projectPath
D:/SpelD/Unity/Projects/2DPlatformers/Alchemy 2D
-logFile
Logs/AssetImportWorker1.log
-srvPort
49718
Successfully changed project path to: D:/SpelD/Unity/Projects/2DPlatformers/Alchemy 2D
D:/SpelD/Unity/Projects/2DPlatformers/Alchemy 2D
Using Asset Import Pipeline V2.
Refreshing native plugins compatible for Editor in 72.64 ms, found 1 plugins.
Preloading 0 native plugins for Editor in 0.00 ms.
Initialize engine version: 2020.3.1f1 (77a89f25062f)
[Subsystems] Discovering subsystems at path D:/SpelD/Unity/Editor/2020.3.1f1/Editor/Data/Resources/UnitySubsystems
[Subsystems] Discovering subsystems at path D:/SpelD/Unity/Projects/2DPlatformers/Alchemy 2D/Assets
GfxDevice: creating device client; threaded=0
Direct3D:
    Version:  Direct3D 11.0 [level 11.1]
    Renderer: NVIDIA GeForce GTX 980M (ID=0x1617)
    Vendor:   
    VRAM:     4053 MB
    Driver:   27.21.14.6140
Shader 'Universal Render Pipeline/Particles/Lit': fallback shader 'Universal Render Pipeline/Particles/SimpleLit' not found
Initialize mono
Mono path[0] = 'D:/SpelD/Unity/Editor/2020.3.1f1/Editor/Data/Managed'
Mono path[1] = 'D:/SpelD/Unity/Editor/2020.3.1f1/Editor/Data/MonoBleedingEdge/lib/mono/unityjit'
Mono config path = 'D:/SpelD/Unity/Editor/2020.3.1f1/Editor/Data/MonoBleedingEdge/etc'
Using monoOptions --debugger-agent=transport=dt_socket,embedding=1,server=y,suspend=n,address=127.0.0.1:56224
Begin MonoManager ReloadAssembly
Registering precompiled unity dll's ...
Register platform support module: D:/SpelD/Unity/Editor/2020.3.1f1/Editor/Data/PlaybackEngines/WebGLSupport/UnityEditor.WebGL.Extensions.dll
Register platform support module: D:/SpelD/Unity/Editor/2020.3.1f1/Editor/Data/PlaybackEngines/WindowsStandaloneSupport/UnityEditor.WindowsStandalone.Extensions.dll
Registered in 0.001951 seconds.
Native extension for WindowsStandalone target not found
Native extension for WebGL target not found
Refreshing native plugins compatible for Editor in 72.01 ms, found 1 plugins.
Preloading 0 native plugins for Editor in 0.00 ms.
Invoked RoslynAnalysisRunner static constructor.
RoslynAnalysisRunner will not be running.
RoslynAnalysisRunner has terminated.
Mono: successfully reloaded assembly
- Completed reload, in  1.715 seconds
Platform modules already initialized, skipping
Registering precompiled user dll's ...
Registered in 0.001770 seconds.
Begin MonoManager ReloadAssembly
Native extension for WindowsStandalone target not found
Native extension for WebGL target not found
Refreshing native plugins compatible for Editor in 67.64 ms, found 1 plugins.
Preloading 0 native plugins for Editor in 0.00 ms.
Invoked RoslynAnalysisRunner static constructor.
RoslynAnalysisRunner will not be running.
RoslynAnalysisRunner has terminated.
Mono: successfully reloaded assembly
- Completed reload, in  1.198 seconds
Platform modules already initialized, skipping
========================================================================
Worker process is ready to serve import requests
Shader 'Universal Render Pipeline/Particles/Lit': fallback shader 'Universal Render Pipeline/Particles/SimpleLit' not found
Launched and connected shader compiler UnityShaderCompiler.exe after 0.11 seconds
Refreshing native plugins compatible for Editor in 0.58 ms, found 1 plugins.
Preloading 0 native plugins for Editor in 0.00 ms.
Unloading 3097 Unused Serialized files (Serialized files now loaded: 0)
System memory in use before: 133.7 MB.
System memory in use after: 133.7 MB.

Unloading 26 unused Assets to reduce memory usage. Loaded Objects now: 3539.
Total: 3.395100 ms (FindLiveObjects: 0.356300 ms CreateObjectMapping: 0.213200 ms MarkObjects: 2.646000 ms  DeleteObjects: 0.178400 ms)

========================================================================
Received Import Request.
  path: Assets/Scripts/ObjectPooler.cs
  artifactKey: Guid(69dd53525008b474c916d4b560380720) Importer(815301076,1909f56bfc062723c751e8b465ee728b)
Start importing Assets/Scripts/ObjectPooler.cs using Guid(69dd53525008b474c916d4b560380720) Importer(815301076,1909f56bfc062723c751e8b465ee728b)  -> (artifact id: '146d005ca922ed00e3ccbf3c3240833a') in 0.115529 seconds
  Import took 0.121765 seconds .

========================================================================
Received Prepare
Registering precompiled user dll's ...
Registered in 0.002035 seconds.
Begin MonoManager ReloadAssembly
Native extension for WindowsStandalone target not found
Native extension for WebGL target not found
Refreshing native plugins compatible for Editor in 0.65 ms, found 1 plugins.
Preloading 0 native plugins for Editor in 0.00 ms.
Invoked RoslynAnalysisRunner static constructor.
RoslynAnalysisRunner will not be running.
RoslynAnalysisRunner has terminated.
Mono: successfully reloaded assembly
- Completed reload, in  1.260 seconds
Platform modules already initialized, skipping
Shader 'Universal Render Pipeline/Particles/Lit': fallback shader 'Universal Render Pipeline/Particles/SimpleLit' not found
Refreshing native plugins compatible for Editor in 0.75 ms, found 1 plugins.
Preloading 0 native plugins for Editor in 0.00 ms.
Unloading 2986 Unused Serialized files (Serialized files now loaded: 0)
System memory in use before: 127.7 MB.
System memory in use after: 127.9 MB.

Unloading 14 unused Assets to reduce memory usage. Loaded Objects now: 3543.
Total: 4.447500 ms (FindLiveObjects: 0.568600 ms CreateObjectMapping: 0.245800 ms MarkObjects: 3.450500 ms  DeleteObjects: 0.181300 ms)

========================================================================
Received Import Request.
  Time since last request: 245.599446 seconds.
  path: Assets/Prefabs/BGParticles.prefab
  artifactKey: Guid(dbd45cebec2805f4b9b1c9f0416dd26a) Importer(815301076,1909f56bfc062723c751e8b465ee728b)
Start importing Assets/Prefabs/BGParticles.prefab using Guid(dbd45cebec2805f4b9b1c9f0416dd26a) Importer(815301076,1909f56bfc062723c751e8b465ee728b)  -> (artifact id: 'd6bb09603be063a9961edcc0f27ea995') in 0.051097 seconds
  Import took 0.058038 seconds .

========================================================================
Received Import Request.
  Time since last request: 0.013019 seconds.
  path: Assets/Prefabs/BGParticles.prefab
  artifactKey: Guid(dbd45cebec2805f4b9b1c9f0416dd26a) Importer(815301076,1909f56bfc062723c751e8b465ee728b)
Start importing Assets/Prefabs/BGParticles.prefab using Guid(dbd45cebec2805f4b9b1c9f0416dd26a) Importer(815301076,1909f56bfc062723c751e8b465ee728b)  -> (artifact id: 'd6bb09603be063a9961edcc0f27ea995') in 0.005644 seconds
  Import took 0.012383 seconds .

========================================================================
Received Import Request.
  Time since last request: 2.029651 seconds.
  path: Assets/Prefabs/Fog.prefab
  artifactKey: Guid(d68e263211d9c394a8294dbb247e5979) Importer(815301076,1909f56bfc062723c751e8b465ee728b)
Start importing Assets/Prefabs/Fog.prefab using Guid(d68e263211d9c394a8294dbb247e5979) Importer(815301076,1909f56bfc062723c751e8b465ee728b)  -> (artifact id: '7a83983e6c485d575bde0413ef62d467') in 0.010996 seconds
  Import took 0.019296 seconds .

========================================================================
Received Import Request.
  Time since last request: 0.043591 seconds.
  path: Assets/Prefabs/Fog.prefab
  artifactKey: Guid(d68e263211d9c394a8294dbb247e5979) Importer(815301076,1909f56bfc062723c751e8b465ee728b)
Start importing Assets/Prefabs/Fog.prefab using Guid(d68e263211d9c394a8294dbb247e5979) Importer(815301076,1909f56bfc062723c751e8b465ee728b)  -> (artifact id: '7a83983e6c485d575bde0413ef62d467') in 0.005498 seconds
  Import took 0.012143 seconds .

========================================================================
Received Import Request.
  Time since last request: 1.622865 seconds.
  path: Assets/Prefabs/CaveFog.prefab
  artifactKey: Guid(c297cc480be0c1444821a2996853f758) Importer(815301076,1909f56bfc062723c751e8b465ee728b)
Start importing Assets/Prefabs/CaveFog.prefab using Guid(c297cc480be0c1444821a2996853f758) Importer(815301076,1909f56bfc062723c751e8b465ee728b)  -> (artifact id: '16e399c01b70bfccea553969320ea0de') in 0.012030 seconds
  Import took 0.019495 seconds .

========================================================================
Received Import Request.
  Time since last request: 0.039745 seconds.
  path: Assets/Prefabs/CaveFog.prefab
  artifactKey: Guid(c297cc480be0c1444821a2996853f758) Importer(815301076,1909f56bfc062723c751e8b465ee728b)
Start importing Assets/Prefabs/CaveFog.prefab using Guid(c297cc480be0c1444821a2996853f758) Importer(815301076,1909f56bfc062723c751e8b465ee728b)  -> (artifact id: '16e399c01b70bfccea553969320ea0de') in 0.005569 seconds
  Import took 0.012751 seconds .

========================================================================
Received Import Request.
  Time since last request: 8.167791 seconds.
  path: Assets/Prefabs/Particles
  artifactKey: Guid(9e6dd4a6b5688df45bdf1e1a7d3ee5bb) Importer(815301076,1909f56bfc062723c751e8b465ee728b)
Start importing Assets/Prefabs/Particles using Guid(9e6dd4a6b5688df45bdf1e1a7d3ee5bb) Importer(815301076,1909f56bfc062723c751e8b465ee728b)  -> (artifact id: '79aaf7ed0467db2ceed5d9a4ac11df00') in 0.009703 seconds
  Import took 0.019694 seconds .

========================================================================
Received Import Request.
  Time since last request: 21.682273 seconds.
  path: Assets/Prefabs/Particles/ForestFog.prefab
  artifactKey: Guid(d68e263211d9c394a8294dbb247e5979) Importer(815301076,1909f56bfc062723c751e8b465ee728b)
Start importing Assets/Prefabs/Particles/ForestFog.prefab using Guid(d68e263211d9c394a8294dbb247e5979) Importer(815301076,1909f56bfc062723c751e8b465ee728b)  -> (artifact id: 'fc527e369016a9ad005ab356d781e3a3') in 0.012631 seconds
  Import took 0.019442 seconds .

========================================================================
Received Import Request.
  Time since last request: 0.025759 seconds.
  path: Assets/Prefabs/Particles/ForestFog.prefab
  artifactKey: Guid(d68e263211d9c394a8294dbb247e5979) Importer(815301076,1909f56bfc062723c751e8b465ee728b)
Start importing Assets/Prefabs/Particles/ForestFog.prefab using Guid(d68e263211d9c394a8294dbb247e5979) Importer(815301076,1909f56bfc062723c751e8b465ee728b)  -> (artifact id: 'fc527e369016a9ad005ab356d781e3a3') in 0.005077 seconds
  Import took 0.014003 seconds .

========================================================================
Received Prepare
Registering precompiled user dll's ...
Registered in 0.001944 seconds.
Begin MonoManager ReloadAssembly
Native extension for WindowsStandalone target not found
Native extension for WebGL target not found
Refreshing native plugins compatible for Editor in 0.56 ms, found 1 plugins.
Preloading 0 native plugins for Editor in 0.00 ms.
Invoked RoslynAnalysisRunner static constructor.
RoslynAnalysisRunner will not be running.
RoslynAnalysisRunner has terminated.
Mono: successfully reloaded assembly
- Completed reload, in  1.149 seconds
Platform modules already initialized, skipping
Shader 'Universal Render Pipeline/Particles/Lit': fallback shader 'Universal Render Pipeline/Particles/SimpleLit' not found
Refreshing native plugins compatible for Editor in 0.59 ms, found 1 plugins.
Preloading 0 native plugins for Editor in 0.00 ms.
Unloading 2986 Unused Serialized files (Serialized files now loaded: 0)
System memory in use before: 127.8 MB.
System memory in use after: 127.9 MB.

Unloading 14 unused Assets to reduce memory usage. Loaded Objects now: 3547.
Total: 3.284400 ms (FindLiveObjects: 0.339200 ms CreateObjectMapping: 0.165300 ms MarkObjects: 2.602100 ms  DeleteObjects: 0.176900 ms)

========================================================================
Received Prepare
Registering precompiled user dll's ...
Registered in 0.001831 seconds.
Begin MonoManager ReloadAssembly
Native extension for WindowsStandalone target not found
Native extension for WebGL target not found
Refreshing native plugins compatible for Editor in 0.59 ms, found 1 plugins.
Preloading 0 native plugins for Editor in 0.00 ms.
Invoked RoslynAnalysisRunner static constructor.
RoslynAnalysisRunner will not be running.
RoslynAnalysisRunner has terminated.
Mono: successfully reloaded assembly
- Completed reload, in  1.169 seconds
Platform modules already initialized, skipping
Shader 'Universal Render Pipeline/Particles/Lit': fallback shader 'Universal Render Pipeline/Particles/SimpleLit' not found
Refreshing native plugins compatible for Editor in 0.58 ms, found 1 plugins.
Preloading 0 native plugins for Editor in 0.00 ms.
Unloading 2986 Unused Serialized files (Serialized files now loaded: 0)
System memory in use before: 127.8 MB.
System memory in use after: 127.9 MB.

Unloading 14 unused Assets to reduce memory usage. Loaded Objects now: 3551.
Total: 3.345700 ms (FindLiveObjects: 0.494200 ms CreateObjectMapping: 0.217600 ms MarkObjects: 2.430000 ms  DeleteObjects: 0.202100 ms)

========================================================================
Received Prepare
Registering precompiled user dll's ...
Registered in 0.002336 seconds.
Begin MonoManager ReloadAssembly
Native extension for WindowsStandalone target not found
Native extension for WebGL target not found
Refreshing native plugins compatible for Editor in 0.82 ms, found 1 plugins.
Preloading 0 native plugins for Editor in 0.00 ms.
Invoked RoslynAnalysisRunner static constructor.
RoslynAnalysisRunner will not be running.
RoslynAnalysisRunner has terminated.
Mono: successfully reloaded assembly
- Completed reload, in  1.237 seconds
Platform modules already initialized, skipping
Shader 'Universal Render Pipeline/Particles/Lit': fallback shader 'Universal Render Pipeline/Particles/SimpleLit' not found
Refreshing native plugins compatible for Editor in 0.57 ms, found 1 plugins.
Preloading 0 native plugins for Editor in 0.00 ms.
Unloading 2986 Unused Serialized files (Serialized files now loaded: 0)
System memory in use before: 127.9 MB.
System memory in use after: 128.0 MB.

Unloading 14 unused Assets to reduce memory usage. Loaded Objects now: 3555.
Total: 4.706700 ms (FindLiveObjects: 0.469300 ms CreateObjectMapping: 0.255100 ms MarkObjects: 3.824800 ms  DeleteObjects: 0.155800 ms)

========================================================================
Received Prepare
Registering precompiled user dll's ...
Registered in 0.002235 seconds.
Begin MonoManager ReloadAssembly
Native extension for WindowsStandalone target not found
Native extension for WebGL target not found
Refreshing native plugins compatible for Editor in 0.64 ms, found 1 plugins.
Preloading 0 native plugins for Editor in 0.00 ms.
Invoked RoslynAnalysisRunner static constructor.
RoslynAnalysisRunner will not be running.
RoslynAnalysisRunner has terminated.
Mono: successfully reloaded assembly
- Completed reload, in  1.938 seconds
Platform modules already initialized, skipping
Shader 'Universal Render Pipeline/Particles/Lit': fallback shader 'Universal Render Pipeline/Particles/SimpleLit' not found
Refreshing native plugins compatible for Editor in 0.67 ms, found 1 plugins.
Preloading 0 native plugins for Editor in 0.00 ms.
Unloading 2986 Unused Serialized files (Serialized files now loaded: 0)
System memory in use before: 127.9 MB.
System memory in use after: 128.0 MB.

Unloading 14 unused Assets to reduce memory usage. Loaded Objects now: 3559.
Total: 6.231300 ms (FindLiveObjects: 0.541200 ms CreateObjectMapping: 0.344800 ms MarkObjects: 5.035300 ms  DeleteObjects: 0.305100 ms)

========================================================================
Received Import Request.
  Time since last request: 10075.304373 seconds.
  path: Assets/Scripts/SpawnManager.cs
  artifactKey: Guid(6ab21862a8cf5db4b8f02be27cf354b3) Importer(815301076,1909f56bfc062723c751e8b465ee728b)
Start importing Assets/Scripts/SpawnManager.cs using Guid(6ab21862a8cf5db4b8f02be27cf354b3) Importer(815301076,1909f56bfc062723c751e8b465ee728b)  -> (artifact id: '1e0c7b5fcf84adda04352330113a1179') in 0.017612 seconds
  Import took 0.027683 seconds .

========================================================================
Received Prepare
Registering precompiled user dll's ...
Registered in 0.001934 seconds.
Begin MonoManager ReloadAssembly
Native extension for WindowsStandalone target not found
Native extension for WebGL target not found
Refreshing native plugins compatible for Editor in 0.56 ms, found 1 plugins.
Preloading 0 native plugins for Editor in 0.00 ms.
Invoked RoslynAnalysisRunner static constructor.
RoslynAnalysisRunner will not be running.
RoslynAnalysisRunner has terminated.
Mono: successfully reloaded assembly
- Completed reload, in  1.254 seconds
Platform modules already initialized, skipping
Shader 'Universal Render Pipeline/Particles/Lit': fallback shader 'Universal Render Pipeline/Particles/SimpleLit' not found
Refreshing native plugins compatible for Editor in 0.63 ms, found 1 plugins.
Preloading 0 native plugins for Editor in 0.00 ms.
Unloading 2987 Unused Serialized files (Serialized files now loaded: 0)
System memory in use before: 127.9 MB.
System memory in use after: 128.0 MB.

Unloading 14 unused Assets to reduce memory usage. Loaded Objects now: 3564.
Total: 5.004000 ms (FindLiveObjects: 0.853700 ms CreateObjectMapping: 0.362000 ms MarkObjects: 3.586900 ms  DeleteObjects: 0.187100 ms)

========================================================================
Received Prepare
Registering precompiled user dll's ...
Registered in 0.001839 seconds.
Begin MonoManager ReloadAssembly
Native extension for WindowsStandalone target not found
Native extension for WebGL target not found
Refreshing native plugins compatible for Editor in 0.58 ms, found 1 plugins.
Preloading 0 native plugins for Editor in 0.00 ms.
Invoked RoslynAnalysisRunner static constructor.
RoslynAnalysisRunner will not be running.
RoslynAnalysisRunner has terminated.
Mono: successfully reloaded assembly
- Completed reload, in  1.238 seconds
Platform modules already initialized, skipping
Shader 'Universal Render Pipeline/Particles/Lit': fallback shader 'Universal Render Pipeline/Particles/SimpleLit' not found
Refreshing native plugins compatible for Editor in 0.59 ms, found 1 plugins.
Preloading 0 native plugins for Editor in 0.00 ms.
Unloading 2987 Unused Serialized files (Serialized files now loaded: 0)
System memory in use before: 127.9 MB.
System memory in use after: 128.0 MB.

Unloading 14 unused Assets to reduce memory usage. Loaded Objects now: 3568.
Total: 4.444200 ms (FindLiveObjects: 0.513100 ms CreateObjectMapping: 0.243000 ms MarkObjects: 3.484100 ms  DeleteObjects: 0.202500 ms)

========================================================================
Received Import Request.
  Time since last request: 168.029348 seconds.
  path: Assets/Scripts/SpawnManager.cs
  artifactKey: Guid(6ab21862a8cf5db4b8f02be27cf354b3) Importer(815301076,1909f56bfc062723c751e8b465ee728b)
Start importing Assets/Scripts/SpawnManager.cs using Guid(6ab21862a8cf5db4b8f02be27cf354b3) Importer(815301076,1909f56bfc062723c751e8b465ee728b)  -> (artifact id: '9298a4977ba604c3ea4b99fea08b7d4c') in 0.007033 seconds
  Import took 0.013316 seconds .

========================================================================
Received Prepare
Registering precompiled user dll's ...
Registered in 0.001953 seconds.
Begin MonoManager ReloadAssembly
Native extension for WindowsStandalone target not found
Native extension for WebGL target not found
Refreshing native plugins compatible for Editor in 0.65 ms, found 1 plugins.
Preloading 0 native plugins for Editor in 0.00 ms.
Invoked RoslynAnalysisRunner static constructor.
RoslynAnalysisRunner will not be running.
RoslynAnalysisRunner has terminated.
Mono: successfully reloaded assembly
- Completed reload, in  1.293 seconds
Platform modules already initialized, skipping
Shader 'Universal Render Pipeline/Particles/Lit': fallback shader 'Universal Render Pipeline/Particles/SimpleLit' not found
Refreshing native plugins compatible for Editor in 0.62 ms, found 1 plugins.
Preloading 0 native plugins for Editor in 0.00 ms.
Unloading 2987 Unused Serialized files (Serialized files now loaded: 0)
System memory in use before: 127.9 MB.
System memory in use after: 128.0 MB.

Unloading 14 unused Assets to reduce memory usage. Loaded Objects now: 3572.
Total: 3.576600 ms (FindLiveObjects: 0.438000 ms CreateObjectMapping: 0.317900 ms MarkObjects: 2.570800 ms  DeleteObjects: 0.248700 ms)

========================================================================
Received Import Request.
  Time since last request: 637.211565 seconds.
  path: Assets/Scripts/ObjectPooler02.cs
  artifactKey: Guid(7d536de2542899f4ab8517ee6f3eb723) Importer(815301076,1909f56bfc062723c751e8b465ee728b)
Start importing Assets/Scripts/ObjectPooler02.cs using Guid(7d536de2542899f4ab8517ee6f3eb723) Importer(815301076,1909f56bfc062723c751e8b465ee728b)  -> (artifact id: '7330632fbf0cf6dfeb23570cb9c20a02') in 0.057529 seconds
  Import took 0.063691 seconds .

========================================================================
Received Prepare
Registering precompiled user dll's ...
Registered in 0.002026 seconds.
Begin MonoManager ReloadAssembly
Native extension for WindowsStandalone target not found
Native extension for WebGL target not found
Refreshing native plugins compatible for Editor in 0.56 ms, found 1 plugins.
Preloading 0 native plugins for Editor in 0.00 ms.
Invoked RoslynAnalysisRunner static constructor.
RoslynAnalysisRunner will not be running.
RoslynAnalysisRunner has terminated.
Mono: successfully reloaded assembly
- Completed reload, in  1.252 seconds
Platform modules already initialized, skipping
Shader 'Universal Render Pipeline/Particles/Lit': fallback shader 'Universal Render Pipeline/Particles/SimpleLit' not found
Refreshing native plugins compatible for Editor in 0.69 ms, found 1 plugins.
Preloading 0 native plugins for Editor in 0.00 ms.
Unloading 2988 Unused Serialized files (Serialized files now loaded: 0)
System memory in use before: 128.0 MB.
System memory in use after: 128.1 MB.

Unloading 14 unused Assets to reduce memory usage. Loaded Objects now: 3577.
Total: 3.556300 ms (FindLiveObjects: 0.382700 ms CreateObjectMapping: 0.200900 ms MarkObjects: 2.786400 ms  DeleteObjects: 0.184800 ms)

========================================================================
Received Prepare
Registering precompiled user dll's ...
Registered in 0.001898 seconds.
Begin MonoManager ReloadAssembly
Native extension for WindowsStandalone target not found
Native extension for WebGL target not found
Refreshing native plugins compatible for Editor in 0.72 ms, found 1 plugins.
Preloading 0 native plugins for Editor in 0.00 ms.
Invoked RoslynAnalysisRunner static constructor.
RoslynAnalysisRunner will not be running.
RoslynAnalysisRunner has terminated.
Mono: successfully reloaded assembly
- Completed reload, in  1.167 seconds
Platform modules already initialized, skipping
Shader 'Universal Render Pipeline/Particles/Lit': fallback shader 'Universal Render Pipeline/Particles/SimpleLit' not found
Refreshing native plugins compatible for Editor in 0.58 ms, found 1 plugins.
Preloading 0 native plugins for Editor in 0.00 ms.
Unloading 2988 Unused Serialized files (Serialized files now loaded: 0)
System memory in use before: 128.0 MB.
System memory in use after: 128.1 MB.

Unloading 14 unused Assets to reduce memory usage. Loaded Objects now: 3581.
Total: 4.885400 ms (FindLiveObjects: 0.396900 ms CreateObjectMapping: 0.221700 ms MarkObjects: 4.129700 ms  DeleteObjects: 0.135800 ms)

========================================================================
Received Import Request.
  Time since last request: 77.725062 seconds.
  path: Assets/Scripts/Pooling.cs
  artifactKey: Guid(7d536de2542899f4ab8517ee6f3eb723) Importer(815301076,1909f56bfc062723c751e8b465ee728b)
Start importing Assets/Scripts/Pooling.cs using Guid(7d536de2542899f4ab8517ee6f3eb723) Importer(815301076,1909f56bfc062723c751e8b465ee728b)  -> (artifact id: 'a99b7660b011b07c3fa35b3778c851c4') in 0.016395 seconds
  Import took 0.024924 seconds .

========================================================================
Received Prepare
Registering precompiled user dll's ...
Registered in 0.002143 seconds.
Begin MonoManager ReloadAssembly
Native extension for WindowsStandalone target not found
Native extension for WebGL target not found
Refreshing native plugins compatible for Editor in 0.53 ms, found 1 plugins.
Preloading 0 native plugins for Editor in 0.00 ms.
Invoked RoslynAnalysisRunner static constructor.
RoslynAnalysisRunner will not be running.
RoslynAnalysisRunner has terminated.
Mono: successfully reloaded assembly
- Completed reload, in  1.190 seconds
Platform modules already initialized, skipping
Shader 'Universal Render Pipeline/Particles/Lit': fallback shader 'Universal Render Pipeline/Particles/SimpleLit' not found
Refreshing native plugins compatible for Editor in 0.57 ms, found 1 plugins.
Preloading 0 native plugins for Editor in 0.00 ms.
Unloading 2988 Unused Serialized files (Serialized files now loaded: 0)
System memory in use before: 128.0 MB.
System memory in use after: 128.1 MB.

Unloading 14 unused Assets to reduce memory usage. Loaded Objects now: 3585.
Total: 3.650000 ms (FindLiveObjects: 0.382200 ms CreateObjectMapping: 0.218400 ms MarkObjects: 2.828600 ms  DeleteObjects: 0.219200 ms)

========================================================================
Received Prepare
Registering precompiled user dll's ...
Registered in 0.002248 seconds.
Begin MonoManager ReloadAssembly
Native extension for WindowsStandalone target not found
Native extension for WebGL target not found
Refreshing native plugins compatible for Editor in 0.59 ms, found 1 plugins.
Preloading 0 native plugins for Editor in 0.00 ms.
Invoked RoslynAnalysisRunner static constructor.
RoslynAnalysisRunner will not be running.
RoslynAnalysisRunner has terminated.
Mono: successfully reloaded assembly
- Completed reload, in  1.238 seconds
Platform modules already initialized, skipping
Shader 'Universal Render Pipeline/Particles/Lit': fallback shader 'Universal Render Pipeline/Particles/SimpleLit' not found
Refreshing native plugins compatible for Editor in 0.57 ms, found 1 plugins.
Preloading 0 native plugins for Editor in 0.00 ms.
Unloading 2989 Unused Serialized files (Serialized files now loaded: 0)
System memory in use before: 128.0 MB.
System memory in use after: 128.1 MB.

Unloading 14 unused Assets to reduce memory usage. Loaded Objects now: 3590.
Total: 3.579300 ms (FindLiveObjects: 0.444500 ms CreateObjectMapping: 0.314400 ms MarkObjects: 2.630300 ms  DeleteObjects: 0.189000 ms)

========================================================================
Received Import Request.
  Time since last request: 32.847255 seconds.
  path: Assets/Scripts/ObjectPooler02.cs
  artifactKey: Guid(153e2a10fb384db41aecf163a7e03c2d) Importer(815301076,1909f56bfc062723c751e8b465ee728b)
Start importing Assets/Scripts/ObjectPooler02.cs using Guid(153e2a10fb384db41aecf163a7e03c2d) Importer(815301076,1909f56bfc062723c751e8b465ee728b)  -> (artifact id: '3f42fe894b3fedde17a78827a00c2044') in 0.007262 seconds
  Import took 0.013408 seconds .

========================================================================
Received Prepare
Registering precompiled user dll's ...
Registered in 0.002458 seconds.
Begin MonoManager ReloadAssembly
Native extension for WindowsStandalone target not found
Native extension for WebGL target not found
Refreshing native plugins compatible for Editor in 0.54 ms, found 1 plugins.
Preloading 0 native plugins for Editor in 0.00 ms.
Invoked RoslynAnalysisRunner static constructor.
RoslynAnalysisRunner will not be running.
RoslynAnalysisRunner has terminated.
Mono: successfully reloaded assembly
- Completed reload, in  1.248 seconds
Platform modules already initialized, skipping
Shader 'Universal Render Pipeline/Particles/Lit': fallback shader 'Universal Render Pipeline/Particles/SimpleLit' not found
Refreshing native plugins compatible for Editor in 0.56 ms, found 1 plugins.
Preloading 0 native plugins for Editor in 0.00 ms.
Unloading 2988 Unused Serialized files (Serialized files now loaded: 0)
System memory in use before: 128.0 MB.
System memory in use after: 128.1 MB.

Unloading 15 unused Assets to reduce memory usage. Loaded Objects now: 3593.
Total: 3.805600 ms (FindLiveObjects: 0.557900 ms CreateObjectMapping: 0.314700 ms MarkObjects: 2.785400 ms  DeleteObjects: 0.146300 ms)

========================================================================
Received Prepare
Registering precompiled user dll's ...
Registered in 0.001948 seconds.
Begin MonoManager ReloadAssembly
Native extension for WindowsStandalone target not found
Native extension for WebGL target not found
Refreshing native plugins compatible for Editor in 0.82 ms, found 1 plugins.
Preloading 0 native plugins for Editor in 0.00 ms.
Invoked RoslynAnalysisRunner static constructor.
RoslynAnalysisRunner will not be running.
RoslynAnalysisRunner has terminated.
Mono: successfully reloaded assembly
- Completed reload, in  1.309 seconds
Platform modules already initialized, skipping
Shader 'Universal Render Pipeline/Particles/Lit': fallback shader 'Universal Render Pipeline/Particles/SimpleLit' not found
Refreshing native plugins compatible for Editor in 0.59 ms, found 1 plugins.
Preloading 0 native plugins for Editor in 0.00 ms.
Unloading 2988 Unused Serialized files (Serialized files now loaded: 0)
System memory in use before: 128.0 MB.
System memory in use after: 128.1 MB.

Unloading 14 unused Assets to reduce memory usage. Loaded Objects now: 3597.
Total: 3.320100 ms (FindLiveObjects: 0.342700 ms CreateObjectMapping: 0.240300 ms MarkObjects: 2.542900 ms  DeleteObjects: 0.176900 ms)

========================================================================
Received Import Request.
  Time since last request: 462.392040 seconds.
  path: Assets/Scripts/TEstCubePooling.cs
  artifactKey: Guid(d1af918d398b78b4d8d5b91b6af02d40) Importer(815301076,1909f56bfc062723c751e8b465ee728b)
Start importing Assets/Scripts/TEstCubePooling.cs using Guid(d1af918d398b78b4d8d5b91b6af02d40) Importer(815301076,1909f56bfc062723c751e8b465ee728b)  -> (artifact id: 'ab33dfbcb2e20c9955a69262b4483f30') in 0.056759 seconds
  Import took 0.063408 seconds .

========================================================================
Received Prepare
Registering precompiled user dll's ...
Registered in 0.001807 seconds.
Begin MonoManager ReloadAssembly
Native extension for WindowsStandalone target not found
Native extension for WebGL target not found
Refreshing native plugins compatible for Editor in 0.53 ms, found 1 plugins.
Preloading 0 native plugins for Editor in 0.00 ms.
Invoked RoslynAnalysisRunner static constructor.
RoslynAnalysisRunner will not be running.
RoslynAnalysisRunner has terminated.
Mono: successfully reloaded assembly
- Completed reload, in  1.177 seconds
Platform modules already initialized, skipping
Shader 'Universal Render Pipeline/Particles/Lit': fallback shader 'Universal Render Pipeline/Particles/SimpleLit' not found
Refreshing native plugins compatible for Editor in 0.66 ms, found 1 plugins.
Preloading 0 native plugins for Editor in 0.00 ms.
Unloading 2989 Unused Serialized files (Serialized files now loaded: 0)
System memory in use before: 128.0 MB.
System memory in use after: 128.1 MB.

Unloading 14 unused Assets to reduce memory usage. Loaded Objects now: 3602.
Total: 4.020100 ms (FindLiveObjects: 0.629500 ms CreateObjectMapping: 0.375100 ms MarkObjects: 2.825200 ms  DeleteObjects: 0.189100 ms)

========================================================================
Received Prepare
Registering precompiled user dll's ...
Registered in 0.001795 seconds.
Begin MonoManager ReloadAssembly
Native extension for WindowsStandalone target not found
Native extension for WebGL target not found
Refreshing native plugins compatible for Editor in 0.58 ms, found 1 plugins.
Preloading 0 native plugins for Editor in 0.00 ms.
Invoked RoslynAnalysisRunner static constructor.
RoslynAnalysisRunner will not be running.
RoslynAnalysisRunner has terminated.
Mono: successfully reloaded assembly
- Completed reload, in  1.196 seconds
Platform modules already initialized, skipping
Shader 'Universal Render Pipeline/Particles/Lit': fallback shader 'Universal Render Pipeline/Particles/SimpleLit' not found
Refreshing native plugins compatible for Editor in 0.65 ms, found 1 plugins.
Preloading 0 native plugins for Editor in 0.00 ms.
Unloading 2989 Unused Serialized files (Serialized files now loaded: 0)
System memory in use before: 128.0 MB.
System memory in use after: 128.2 MB.

Unloading 14 unused Assets to reduce memory usage. Loaded Objects now: 3606.
Total: 3.867600 ms (FindLiveObjects: 0.446400 ms CreateObjectMapping: 0.288700 ms MarkObjects: 2.949100 ms  DeleteObjects: 0.182400 ms)

========================================================================
Received Import Request.
  Time since last request: 162.774759 seconds.
  path: Assets/Scripts/Pooling.cs
  artifactKey: Guid(7d536de2542899f4ab8517ee6f3eb723) Importer(815301076,1909f56bfc062723c751e8b465ee728b)
Start importing Assets/Scripts/Pooling.cs using Guid(7d536de2542899f4ab8517ee6f3eb723) Importer(815301076,1909f56bfc062723c751e8b465ee728b)  -> (artifact id: 'c8b470d54b7abfce831ed6f2279b48c0') in 0.007270 seconds
  Import took 0.013537 seconds .

========================================================================
Received Import Request.
  Time since last request: 0.000444 seconds.
  path: Assets/Scripts/TEstCubePooling.cs
  artifactKey: Guid(d1af918d398b78b4d8d5b91b6af02d40) Importer(815301076,1909f56bfc062723c751e8b465ee728b)
Start importing Assets/Scripts/TEstCubePooling.cs using Guid(d1af918d398b78b4d8d5b91b6af02d40) Importer(815301076,1909f56bfc062723c751e8b465ee728b)  -> (artifact id: '4db4a85566890eb24ace6f299ed6875e') in 0.002383 seconds
  Import took 0.007971 seconds .

========================================================================
Received Import Request.
  Time since last request: 2.876568 seconds.
  path: Assets/Scripts/TestCubePooling.cs
  artifactKey: Guid(d1af918d398b78b4d8d5b91b6af02d40) Importer(815301076,1909f56bfc062723c751e8b465ee728b)
Start importing Assets/Scripts/TestCubePooling.cs using Guid(d1af918d398b78b4d8d5b91b6af02d40) Importer(815301076,1909f56bfc062723c751e8b465ee728b)  -> (artifact id: 'f0502321b56e34a5f888a2627020ddd0') in 0.011316 seconds
  Import took 0.017969 seconds .

========================================================================
Received Prepare
Registering precompiled user dll's ...
Registered in 0.001865 seconds.
Begin MonoManager ReloadAssembly
Native extension for WindowsStandalone target not found
Native extension for WebGL target not found
Refreshing native plugins compatible for Editor in 0.54 ms, found 1 plugins.
Preloading 0 native plugins for Editor in 0.00 ms.
Invoked RoslynAnalysisRunner static constructor.
RoslynAnalysisRunner will not be running.
RoslynAnalysisRunner has terminated.
Mono: successfully reloaded assembly
- Completed reload, in  1.199 seconds
Platform modules already initialized, skipping
Shader 'Universal Render Pipeline/Particles/Lit': fallback shader 'Universal Render Pipeline/Particles/SimpleLit' not found
Refreshing native plugins compatible for Editor in 0.59 ms, found 1 plugins.
Preloading 0 native plugins for Editor in 0.00 ms.
Unloading 2989 Unused Serialized files (Serialized files now loaded: 0)
System memory in use before: 128.1 MB.
System memory in use after: 128.2 MB.

Unloading 14 unused Assets to reduce memory usage. Loaded Objects now: 3610.
Total: 3.640700 ms (FindLiveObjects: 0.468200 ms CreateObjectMapping: 0.194400 ms MarkObjects: 2.784100 ms  DeleteObjects: 0.192900 ms)

========================================================================
Received Prepare
Registering precompiled user dll's ...
Registered in 0.002286 seconds.
Begin MonoManager ReloadAssembly
Native extension for WindowsStandalone target not found
Native extension for WebGL target not found
Refreshing native plugins compatible for Editor in 0.69 ms, found 1 plugins.
Preloading 0 native plugins for Editor in 0.00 ms.
Invoked RoslynAnalysisRunner static constructor.
RoslynAnalysisRunner will not be running.
RoslynAnalysisRunner has terminated.
Mono: successfully reloaded assembly
- Completed reload, in  1.143 seconds
Platform modules already initialized, skipping
Shader 'Universal Render Pipeline/Particles/Lit': fallback shader 'Universal Render Pipeline/Particles/SimpleLit' not found
Refreshing native plugins compatible for Editor in 0.60 ms, found 1 plugins.
Preloading 0 native plugins for Editor in 0.00 ms.
Unloading 2988 Unused Serialized files (Serialized files now loaded: 0)
System memory in use before: 128.0 MB.
System memory in use after: 128.1 MB.

Unloading 15 unused Assets to reduce memory usage. Loaded Objects now: 3613.
Total: 4.573800 ms (FindLiveObjects: 0.727600 ms CreateObjectMapping: 0.268300 ms MarkObjects: 3.416200 ms  DeleteObjects: 0.160500 ms)

========================================================================
Received Prepare
Registering precompiled user dll's ...
Registered in 0.002590 seconds.
Begin MonoManager ReloadAssembly
Native extension for WindowsStandalone target not found
Native extension for WebGL target not found
Refreshing native plugins compatible for Editor in 0.57 ms, found 1 plugins.
Preloading 0 native plugins for Editor in 0.00 ms.
Invoked RoslynAnalysisRunner static constructor.
RoslynAnalysisRunner will not be running.
RoslynAnalysisRunner has terminated.
Mono: successfully reloaded assembly
- Completed reload, in  1.282 seconds
Platform modules already initialized, skipping
Shader 'Universal Render Pipeline/Particles/Lit': fallback shader 'Universal Render Pipeline/Particles/SimpleLit' not found
Refreshing native plugins compatible for Editor in 0.58 ms, found 1 plugins.
Preloading 0 native plugins for Editor in 0.00 ms.
Unloading 2989 Unused Serialized files (Serialized files now loaded: 0)
System memory in use before: 128.1 MB.
System memory in use after: 128.2 MB.

Unloading 14 unused Assets to reduce memory usage. Loaded Objects now: 3618.
Total: 4.239600 ms (FindLiveObjects: 0.819000 ms CreateObjectMapping: 0.219100 ms MarkObjects: 2.990800 ms  DeleteObjects: 0.209200 ms)

========================================================================
Received Prepare
Registering precompiled user dll's ...
Registered in 0.001850 seconds.
Begin MonoManager ReloadAssembly
Native extension for WindowsStandalone target not found
Native extension for WebGL target not found
Refreshing native plugins compatible for Editor in 1.20 ms, found 1 plugins.
Preloading 0 native plugins for Editor in 0.00 ms.
Invoked RoslynAnalysisRunner static constructor.
RoslynAnalysisRunner will not be running.
RoslynAnalysisRunner has terminated.
Mono: successfully reloaded assembly
- Completed reload, in  1.237 seconds
Platform modules already initialized, skipping
Shader 'Universal Render Pipeline/Particles/Lit': fallback shader 'Universal Render Pipeline/Particles/SimpleLit' not found
Refreshing native plugins compatible for Editor in 0.57 ms, found 1 plugins.
Preloading 0 native plugins for Editor in 0.00 ms.
Unloading 2989 Unused Serialized files (Serialized files now loaded: 0)
System memory in use before: 128.1 MB.
System memory in use after: 128.2 MB.

Unloading 14 unused Assets to reduce memory usage. Loaded Objects now: 3622.
Total: 3.706500 ms (FindLiveObjects: 0.381500 ms CreateObjectMapping: 0.239200 ms MarkObjects: 2.857800 ms  DeleteObjects: 0.227000 ms)

========================================================================
Received Import Request.
  Time since last request: 267.504685 seconds.
  path: Assets/Scripts/TestCubePooling.cs
  artifactKey: Guid(d1af918d398b78b4d8d5b91b6af02d40) Importer(815301076,1909f56bfc062723c751e8b465ee728b)
Start importing Assets/Scripts/TestCubePooling.cs using Guid(d1af918d398b78b4d8d5b91b6af02d40) Importer(815301076,1909f56bfc062723c751e8b465ee728b)  -> (artifact id: '4046a2ebe827be1944afaa4d2c2f8c50') in 0.007162 seconds
  Import took 0.013371 seconds .

========================================================================
Received Prepare
Registering precompiled user dll's ...
Registered in 0.002459 seconds.
Begin MonoManager ReloadAssembly
Native extension for WindowsStandalone target not found
Native extension for WebGL target not found
Refreshing native plugins compatible for Editor in 0.72 ms, found 1 plugins.
Preloading 0 native plugins for Editor in 0.00 ms.
Invoked RoslynAnalysisRunner static constructor.
RoslynAnalysisRunner will not be running.
RoslynAnalysisRunner has terminated.
Mono: successfully reloaded assembly
- Completed reload, in  1.203 seconds
Platform modules already initialized, skipping
Shader 'Universal Render Pipeline/Particles/Lit': fallback shader 'Universal Render Pipeline/Particles/SimpleLit' not found
Refreshing native plugins compatible for Editor in 0.57 ms, found 1 plugins.
Preloading 0 native plugins for Editor in 0.00 ms.
Unloading 2989 Unused Serialized files (Serialized files now loaded: 0)
System memory in use before: 128.1 MB.
System memory in use after: 128.2 MB.

Unloading 14 unused Assets to reduce memory usage. Loaded Objects now: 3626.
Total: 3.661700 ms (FindLiveObjects: 0.463200 ms CreateObjectMapping: 0.259400 ms MarkObjects: 2.793800 ms  DeleteObjects: 0.144500 ms)

========================================================================
Received Prepare
Registering precompiled user dll's ...
Registered in 0.002024 seconds.
Begin MonoManager ReloadAssembly
Native extension for WindowsStandalone target not found
Native extension for WebGL target not found
Refreshing native plugins compatible for Editor in 0.65 ms, found 1 plugins.
Preloading 0 native plugins for Editor in 0.00 ms.
Invoked RoslynAnalysisRunner static constructor.
RoslynAnalysisRunner will not be running.
RoslynAnalysisRunner has terminated.
Mono: successfully reloaded assembly
- Completed reload, in  1.190 seconds
Platform modules already initialized, skipping
Shader 'Universal Render Pipeline/Particles/Lit': fallback shader 'Universal Render Pipeline/Particles/SimpleLit' not found
Refreshing native plugins compatible for Editor in 0.56 ms, found 1 plugins.
Preloading 0 native plugins for Editor in 0.00 ms.
Unloading 2989 Unused Serialized files (Serialized files now loaded: 0)
System memory in use before: 128.1 MB.
System memory in use after: 128.2 MB.

Unloading 14 unused Assets to reduce memory usage. Loaded Objects now: 3630.
Total: 3.852900 ms (FindLiveObjects: 0.585900 ms CreateObjectMapping: 0.179200 ms MarkObjects: 2.872900 ms  DeleteObjects: 0.212700 ms)

========================================================================
Received Import Request.
  Time since last request: 234.482463 seconds.
  path: Assets/Prefabs/TestCubePoolingObject.prefab
  artifactKey: Guid(17a81ee9b08d5f84b901a20a2ca04780) Importer(815301076,1909f56bfc062723c751e8b465ee728b)
Start importing Assets/Prefabs/TestCubePoolingObject.prefab using Guid(17a81ee9b08d5f84b901a20a2ca04780) Importer(815301076,1909f56bfc062723c751e8b465ee728b)  -> (artifact id: '7a3575f34220e5df0dfe636f096c5b1b') in 0.267907 seconds
  Import took 0.276293 seconds .

========================================================================
Received Prepare
Registering precompiled user dll's ...
Registered in 0.002103 seconds.
Begin MonoManager ReloadAssembly
Native extension for WindowsStandalone target not found
Native extension for WebGL target not found
Refreshing native plugins compatible for Editor in 0.53 ms, found 1 plugins.
Preloading 0 native plugins for Editor in 0.00 ms.
Invoked RoslynAnalysisRunner static constructor.
RoslynAnalysisRunner will not be running.
RoslynAnalysisRunner has terminated.
Mono: successfully reloaded assembly
- Completed reload, in  1.161 seconds
Platform modules already initialized, skipping
Shader 'Universal Render Pipeline/Particles/Lit': fallback shader 'Universal Render Pipeline/Particles/SimpleLit' not found
Refreshing native plugins compatible for Editor in 0.57 ms, found 1 plugins.
Preloading 0 native plugins for Editor in 0.00 ms.
Unloading 2989 Unused Serialized files (Serialized files now loaded: 0)
System memory in use before: 133.2 MB.
System memory in use after: 133.3 MB.

Unloading 14 unused Assets to reduce memory usage. Loaded Objects now: 3679.
Total: 4.717100 ms (FindLiveObjects: 0.610600 ms CreateObjectMapping: 0.309500 ms MarkObjects: 3.613800 ms  DeleteObjects: 0.181500 ms)

========================================================================
Received Prepare
Registering precompiled user dll's ...
Registered in 0.001839 seconds.
Begin MonoManager ReloadAssembly
Native extension for WindowsStandalone target not found
Native extension for WebGL target not found
Refreshing native plugins compatible for Editor in 0.56 ms, found 1 plugins.
Preloading 0 native plugins for Editor in 0.00 ms.
Invoked RoslynAnalysisRunner static constructor.
RoslynAnalysisRunner will not be running.
RoslynAnalysisRunner has terminated.
Mono: successfully reloaded assembly
- Completed reload, in  1.115 seconds
Platform modules already initialized, skipping
Shader 'Universal Render Pipeline/Particles/Lit': fallback shader 'Universal Render Pipeline/Particles/SimpleLit' not found
Refreshing native plugins compatible for Editor in 0.56 ms, found 1 plugins.
Preloading 0 native plugins for Editor in 0.00 ms.
Unloading 2989 Unused Serialized files (Serialized files now loaded: 0)
System memory in use before: 133.3 MB.
System memory in use after: 133.4 MB.

Unloading 14 unused Assets to reduce memory usage. Loaded Objects now: 3683.
Total: 3.677400 ms (FindLiveObjects: 0.375700 ms CreateObjectMapping: 0.234800 ms MarkObjects: 2.861400 ms  DeleteObjects: 0.204300 ms)

========================================================================
Received Prepare
Registering precompiled user dll's ...
Registered in 0.001978 seconds.
Begin MonoManager ReloadAssembly
Native extension for WindowsStandalone target not found
Native extension for WebGL target not found
Refreshing native plugins compatible for Editor in 0.83 ms, found 1 plugins.
Preloading 0 native plugins for Editor in 0.00 ms.
Invoked RoslynAnalysisRunner static constructor.
RoslynAnalysisRunner will not be running.
RoslynAnalysisRunner has terminated.
Mono: successfully reloaded assembly
- Completed reload, in  1.265 seconds
Platform modules already initialized, skipping
Shader 'Universal Render Pipeline/Particles/Lit': fallback shader 'Universal Render Pipeline/Particles/SimpleLit' not found
Refreshing native plugins compatible for Editor in 0.68 ms, found 1 plugins.
Preloading 0 native plugins for Editor in 0.00 ms.
Unloading 2989 Unused Serialized files (Serialized files now loaded: 0)
System memory in use before: 133.3 MB.
System memory in use after: 133.4 MB.

Unloading 14 unused Assets to reduce memory usage. Loaded Objects now: 3687.
Total: 4.903300 ms (FindLiveObjects: 0.823500 ms CreateObjectMapping: 0.424800 ms MarkObjects: 3.490200 ms  DeleteObjects: 0.162300 ms)

========================================================================
Received Prepare
Registering precompiled user dll's ...
Registered in 0.001832 seconds.
Begin MonoManager ReloadAssembly
Native extension for WindowsStandalone target not found
Native extension for WebGL target not found
Refreshing native plugins compatible for Editor in 0.57 ms, found 1 plugins.
Preloading 0 native plugins for Editor in 0.00 ms.
Invoked RoslynAnalysisRunner static constructor.
RoslynAnalysisRunner will not be running.
RoslynAnalysisRunner has terminated.
Mono: successfully reloaded assembly
- Completed reload, in  1.152 seconds
Platform modules already initialized, skipping
Shader 'Universal Render Pipeline/Particles/Lit': fallback shader 'Universal Render Pipeline/Particles/SimpleLit' not found
Refreshing native plugins compatible for Editor in 0.61 ms, found 1 plugins.
Preloading 0 native plugins for Editor in 0.00 ms.
Unloading 2989 Unused Serialized files (Serialized files now loaded: 0)
System memory in use before: 133.3 MB.
System memory in use after: 133.4 MB.

Unloading 14 unused Assets to reduce memory usage. Loaded Objects now: 3691.
Total: 3.855600 ms (FindLiveObjects: 0.451600 ms CreateObjectMapping: 0.279500 ms MarkObjects: 2.929000 ms  DeleteObjects: 0.194400 ms)

========================================================================
Received Prepare
Registering precompiled user dll's ...
Registered in 0.001841 seconds.
Begin MonoManager ReloadAssembly
Native extension for WindowsStandalone target not found
Native extension for WebGL target not found
Refreshing native plugins compatible for Editor in 0.57 ms, found 1 plugins.
Preloading 0 native plugins for Editor in 0.00 ms.
Invoked RoslynAnalysisRunner static constructor.
RoslynAnalysisRunner will not be running.
RoslynAnalysisRunner has terminated.
Mono: successfully reloaded assembly
- Completed reload, in  1.212 seconds
Platform modules already initialized, skipping
Shader 'Universal Render Pipeline/Particles/Lit': fallback shader 'Universal Render Pipeline/Particles/SimpleLit' not found
Refreshing native plugins compatible for Editor in 0.67 ms, found 1 plugins.
Preloading 0 native plugins for Editor in 0.00 ms.
Unloading 2989 Unused Serialized files (Serialized files now loaded: 0)
System memory in use before: 133.3 MB.
System memory in use after: 133.4 MB.

Unloading 14 unused Assets to reduce memory usage. Loaded Objects now: 3695.
Total: 4.044400 ms (FindLiveObjects: 0.370000 ms CreateObjectMapping: 0.210500 ms MarkObjects: 3.250900 ms  DeleteObjects: 0.211700 ms)

========================================================================
Received Prepare
Registering precompiled user dll's ...
Registered in 0.002128 seconds.
Begin MonoManager ReloadAssembly
Native extension for WindowsStandalone target not found
Native extension for WebGL target not found
Refreshing native plugins compatible for Editor in 0.53 ms, found 1 plugins.
Preloading 0 native plugins for Editor in 0.00 ms.
Invoked RoslynAnalysisRunner static constructor.
RoslynAnalysisRunner will not be running.
RoslynAnalysisRunner has terminated.
Mono: successfully reloaded assembly
- Completed reload, in  1.117 seconds
Platform modules already initialized, skipping
Shader 'Universal Render Pipeline/Particles/Lit': fallback shader 'Universal Render Pipeline/Particles/SimpleLit' not found
Refreshing native plugins compatible for Editor in 0.56 ms, found 1 plugins.
Preloading 0 native plugins for Editor in 0.00 ms.
Unloading 2989 Unused Serialized files (Serialized files now loaded: 0)
System memory in use before: 133.3 MB.
System memory in use after: 133.4 MB.

Unloading 14 unused Assets to reduce memory usage. Loaded Objects now: 3699.
Total: 3.513300 ms (FindLiveObjects: 0.401100 ms CreateObjectMapping: 0.200900 ms MarkObjects: 2.727100 ms  DeleteObjects: 0.183100 ms)

========================================================================
Received Prepare
Registering precompiled user dll's ...
Registered in 0.002551 seconds.
Begin MonoManager ReloadAssembly
Native extension for WindowsStandalone target not found
Native extension for WebGL target not found
Refreshing native plugins compatible for Editor in 0.61 ms, found 1 plugins.
Preloading 0 native plugins for Editor in 0.00 ms.
Invoked RoslynAnalysisRunner static constructor.
RoslynAnalysisRunner will not be running.
RoslynAnalysisRunner has terminated.
Mono: successfully reloaded assembly
- Completed reload, in  1.186 seconds
Platform modules already initialized, skipping
Shader 'Universal Render Pipeline/Particles/Lit': fallback shader 'Universal Render Pipeline/Particles/SimpleLit' not found
Refreshing native plugins compatible for Editor in 0.68 ms, found 1 plugins.
Preloading 0 native plugins for Editor in 0.00 ms.
Unloading 2989 Unused Serialized files (Serialized files now loaded: 0)
System memory in use before: 133.3 MB.
System memory in use after: 133.4 MB.

Unloading 14 unused Assets to reduce memory usage. Loaded Objects now: 3703.
Total: 4.002800 ms (FindLiveObjects: 0.366800 ms CreateObjectMapping: 0.199400 ms MarkObjects: 3.247100 ms  DeleteObjects: 0.188300 ms)

========================================================================
Received Prepare
Registering precompiled user dll's ...
Registered in 0.001812 seconds.
Begin MonoManager ReloadAssembly
Native extension for WindowsStandalone target not found
Native extension for WebGL target not found
Refreshing native plugins compatible for Editor in 0.56 ms, found 1 plugins.
Preloading 0 native plugins for Editor in 0.00 ms.
Invoked RoslynAnalysisRunner static constructor.
RoslynAnalysisRunner will not be running.
RoslynAnalysisRunner has terminated.
Mono: successfully reloaded assembly
- Completed reload, in  1.170 seconds
Platform modules already initialized, skipping
Shader 'Universal Render Pipeline/Particles/Lit': fallback shader 'Universal Render Pipeline/Particles/SimpleLit' not found
Refreshing native plugins compatible for Editor in 0.60 ms, found 1 plugins.
Preloading 0 native plugins for Editor in 0.00 ms.
Unloading 2989 Unused Serialized files (Serialized files now loaded: 0)
System memory in use before: 133.3 MB.
System memory in use after: 133.4 MB.

Unloading 14 unused Assets to reduce memory usage. Loaded Objects now: 3707.
Total: 4.682400 ms (FindLiveObjects: 0.540300 ms CreateObjectMapping: 0.289300 ms MarkObjects: 3.656900 ms  DeleteObjects: 0.194600 ms)

========================================================================
Received Prepare
Registering precompiled user dll's ...
Registered in 0.002305 seconds.
Begin MonoManager ReloadAssembly
Native extension for WindowsStandalone target not found
Native extension for WebGL target not found
Refreshing native plugins compatible for Editor in 0.67 ms, found 1 plugins.
Preloading 0 native plugins for Editor in 0.00 ms.
Invoked RoslynAnalysisRunner static constructor.
RoslynAnalysisRunner will not be running.
RoslynAnalysisRunner has terminated.
Mono: successfully reloaded assembly
- Completed reload, in  1.248 seconds
Platform modules already initialized, skipping
Shader 'Universal Render Pipeline/Particles/Lit': fallback shader 'Universal Render Pipeline/Particles/SimpleLit' not found
Refreshing native plugins compatible for Editor in 0.64 ms, found 1 plugins.
Preloading 0 native plugins for Editor in 0.00 ms.
Unloading 2989 Unused Serialized files (Serialized files now loaded: 0)
System memory in use before: 133.3 MB.
System memory in use after: 133.5 MB.

Unloading 14 unused Assets to reduce memory usage. Loaded Objects now: 3711.
Total: 4.056900 ms (FindLiveObjects: 0.674400 ms CreateObjectMapping: 0.237000 ms MarkObjects: 2.954700 ms  DeleteObjects: 0.189700 ms)

